This is pdfTeX, Version 3.14159265-2.6-1.40.19 (MiKTeX 2.9.6840 64-bit) (preloaded format=pdflatex 2018.12.4)  5 DEC 2018 22:39
entering extended mode
**./Thesis.tex
(Thesis.tex
LaTeX2e <2018-04-01> patch level 5
(Thesis.cls
Document Class: Thesis 2007/22/02 v1.0 LaTeX document class
("C:\Program Files\MiKTeX 2.9\tex\latex\base\book.cls"
Document Class: book 2014/09/29 v1.4h Standard LaTeX document class
("C:\Program Files\MiKTeX 2.9\tex\latex\base\bk12.clo"
File: bk12.clo 2014/09/29 v1.4h Standard LaTeX file (size option)
)
\c@part=\count80
\c@chapter=\count81
\c@section=\count82
\c@subsection=\count83
\c@subsubsection=\count84
\c@paragraph=\count85
\c@subparagraph=\count86
\c@figure=\count87
\c@table=\count88
\abovecaptionskip=\skip41
\belowcaptionskip=\skip42
\bibindent=\dimen102
)
(C:\Users\roser\AppData\Roaming\MiKTeX\2.9\tex\latex\setspace\setspace.sty
Package: setspace 2011/12/19 v6.7a set line spacing
)
(vmargin.sty
Package: vmargin 1999/06/01

Package `vmargin', V2.2, <1999/06/01>
\PaperWidth=\dimen103
\PaperHeight=\dimen104
) (C:\Users\roser\AppData\Roaming\MiKTeX\2.9\tex\latex\fancyhdr\fancyhdr.sty
Package: fancyhdr 2017/06/30 v3.9a Extensive control of page headers and footer
s
\f@nch@headwidth=\skip43
\f@nch@O@elh=\skip44
\f@nch@O@erh=\skip45
\f@nch@O@olh=\skip46
\f@nch@O@orh=\skip47
\f@nch@O@elf=\skip48
\f@nch@O@erf=\skip49
\f@nch@O@olf=\skip50
\f@nch@O@orf=\skip51
)
("C:\Program Files\MiKTeX 2.9\tex\latex\amsmath\amsmath.sty"
Package: amsmath 2017/09/02 v2.17a AMS math features
\@mathmargin=\skip52

For additional information on amsmath, use the `?' option.
("C:\Program Files\MiKTeX 2.9\tex\latex\amsmath\amstext.sty"
Package: amstext 2000/06/29 v2.01 AMS text

("C:\Program Files\MiKTeX 2.9\tex\latex\amsmath\amsgen.sty"
File: amsgen.sty 1999/11/30 v2.0 generic functions
\@emptytoks=\toks14
\ex@=\dimen105
))
("C:\Program Files\MiKTeX 2.9\tex\latex\amsmath\amsbsy.sty"
Package: amsbsy 1999/11/29 v1.2d Bold Symbols
\pmbraise@=\dimen106
)
("C:\Program Files\MiKTeX 2.9\tex\latex\amsmath\amsopn.sty"
Package: amsopn 2016/03/08 v2.02 operator names
)
\inf@bad=\count89
LaTeX Info: Redefining \frac on input line 213.
\uproot@=\count90
\leftroot@=\count91
LaTeX Info: Redefining \overline on input line 375.
\classnum@=\count92
\DOTSCASE@=\count93
LaTeX Info: Redefining \ldots on input line 472.
LaTeX Info: Redefining \dots on input line 475.
LaTeX Info: Redefining \cdots on input line 596.
\Mathstrutbox@=\box26
\strutbox@=\box27
\big@size=\dimen107
LaTeX Font Info:    Redeclaring font encoding OML on input line 712.
LaTeX Font Info:    Redeclaring font encoding OMS on input line 713.
\macc@depth=\count94
\c@MaxMatrixCols=\count95
\dotsspace@=\muskip10
\c@parentequation=\count96
\dspbrk@lvl=\count97
\tag@help=\toks15
\row@=\count98
\column@=\count99
\maxfields@=\count100
\andhelp@=\toks16
\eqnshift@=\dimen108
\alignsep@=\dimen109
\tagshift@=\dimen110
\tagwidth@=\dimen111
\totwidth@=\dimen112
\lineht@=\dimen113
\@envbody=\toks17
\multlinegap=\skip53
\multlinetaggap=\skip54
\mathdisplay@stack=\toks18
LaTeX Info: Redefining \[ on input line 2817.
LaTeX Info: Redefining \] on input line 2818.
)
("C:\Program Files\MiKTeX 2.9\tex\latex\amsfonts\amsfonts.sty"
Package: amsfonts 2013/01/14 v3.01 Basic AMSFonts support
\symAMSa=\mathgroup4
\symAMSb=\mathgroup5
LaTeX Font Info:    Overwriting math alphabet `\mathfrak' in version `bold'
(Font)                  U/euf/m/n --> U/euf/b/n on input line 106.
)
("C:\Program Files\MiKTeX 2.9\tex\latex\amsfonts\amssymb.sty"
Package: amssymb 2013/01/14 v3.01 AMS font symbols
)
("C:\Program Files\MiKTeX 2.9\tex\latex\amsmath\amscd.sty"
Package: amscd 2017/04/14 v2.1 AMS Commutative Diagrams
\athelp@=\toks19
\minaw@=\dimen114
\bigaw@=\dimen115
\minCDarrowwidth=\dimen116
)
("C:\Program Files\MiKTeX 2.9\tex\latex\amscls\amsthm.sty"
Package: amsthm 2017/10/31 v2.20.4
\thm@style=\toks20
\thm@bodyfont=\toks21
\thm@headfont=\toks22
\thm@notefont=\toks23
\thm@headpunct=\toks24
\thm@preskip=\skip55
\thm@postskip=\skip56
\thm@headsep=\skip57
\dth@everypar=\toks25
)
("C:\Program Files\MiKTeX 2.9\tex\latex\tools\xspace.sty"
Package: xspace 2014/10/28 v1.13 Space after command names (DPC,MH)
)
\c@example=\count101
\c@theorem=\count102

(C:\Users\roser\AppData\Roaming\MiKTeX\2.9\tex\latex\caption\caption.sty
Package: caption 2018/10/06 v3.3-154 Customizing captions (AR)

(C:\Users\roser\AppData\Roaming\MiKTeX\2.9\tex\latex\caption\caption3.sty
Package: caption3 2018/09/12 v1.8c caption3 kernel (AR)
Package caption3 Info: TeX engine: e-TeX on input line 64.

("C:\Program Files\MiKTeX 2.9\tex\latex\graphics\keyval.sty"
Package: keyval 2014/10/28 v1.15 key=value parser (DPC)
\KV@toks@=\toks26
)
\captionmargin=\dimen117
\captionmargin@=\dimen118
\captionwidth=\dimen119
\caption@tempdima=\dimen120
\caption@indent=\dimen121
\caption@parindent=\dimen122
\caption@hangindent=\dimen123
)
\c@caption@flags=\count103
\c@ContinuedFloat=\count104
)
("C:\Program Files\MiKTeX 2.9\tex\latex\graphics\graphicx.sty"
Package: graphicx 2017/06/01 v1.1a Enhanced LaTeX Graphics (DPC,SPQR)

("C:\Program Files\MiKTeX 2.9\tex\latex\graphics\graphics.sty"
Package: graphics 2017/06/25 v1.2c Standard LaTeX Graphics (DPC,SPQR)

("C:\Program Files\MiKTeX 2.9\tex\latex\graphics\trig.sty"
Package: trig 2016/01/03 v1.10 sin cos tan (DPC)
)
("C:\Program Files\MiKTeX 2.9\tex\latex\graphics-cfg\graphics.cfg"
File: graphics.cfg 2016/06/04 v1.11 sample graphics configuration
)
Package graphics Info: Driver file: pdftex.def on input line 99.

("C:\Program Files\MiKTeX 2.9\tex\latex\graphics-def\pdftex.def"
File: pdftex.def 2018/01/08 v1.0l Graphics/color driver for pdftex
))
\Gin@req@height=\dimen124
\Gin@req@width=\dimen125
)
("C:\Program Files\MiKTeX 2.9\tex\latex\oberdiek\epstopdf.sty"
Package: epstopdf 2016/05/15 v2.6 Conversion with epstopdf on the fly (HO)

("C:\Program Files\MiKTeX 2.9\tex\latex\oberdiek\epstopdf-base.sty"
Package: epstopdf-base 2016/05/15 v2.6 Base part for package epstopdf

("C:\Program Files\MiKTeX 2.9\tex\generic\oberdiek\infwarerr.sty"
Package: infwarerr 2016/05/16 v1.4 Providing info/warning/error messages (HO)
)
("C:\Program Files\MiKTeX 2.9\tex\latex\oberdiek\grfext.sty"
Package: grfext 2016/05/16 v1.2 Manage graphics extensions (HO)

("C:\Program Files\MiKTeX 2.9\tex\generic\oberdiek\kvdefinekeys.sty"
Package: kvdefinekeys 2016/05/16 v1.4 Define keys (HO)

("C:\Program Files\MiKTeX 2.9\tex\generic\oberdiek\ltxcmds.sty"
Package: ltxcmds 2016/05/16 v1.23 LaTeX kernel commands for general use (HO)
)))
("C:\Program Files\MiKTeX 2.9\tex\latex\oberdiek\kvoptions.sty"
Package: kvoptions 2016/05/16 v3.12 Key value format for package options (HO)

("C:\Program Files\MiKTeX 2.9\tex\generic\oberdiek\kvsetkeys.sty"
Package: kvsetkeys 2016/05/16 v1.17 Key value parser (HO)

("C:\Program Files\MiKTeX 2.9\tex\generic\oberdiek\etexcmds.sty"
Package: etexcmds 2016/05/16 v1.6 Avoid name clashes with e-TeX commands (HO)

("C:\Program Files\MiKTeX 2.9\tex\generic\oberdiek\ifluatex.sty"
Package: ifluatex 2016/05/16 v1.4 Provides the ifluatex switch (HO)
Package ifluatex Info: LuaTeX not detected.
)
Package etexcmds Info: Could not find \expanded.
(etexcmds)             That can mean that you are not using pdfTeX 1.50 or
(etexcmds)             that some package has redefined \expanded.
(etexcmds)             In the latter case, load this package earlier.
)))
("C:\Program Files\MiKTeX 2.9\tex\generic\oberdiek\pdftexcmds.sty"
Package: pdftexcmds 2018/09/10 v0.29 Utility functions of pdfTeX for LuaTeX (HO
)

("C:\Program Files\MiKTeX 2.9\tex\generic\oberdiek\ifpdf.sty"
Package: ifpdf 2018/09/07 v3.3 Provides the ifpdf switch
)
Package pdftexcmds Info: LuaTeX not detected.
Package pdftexcmds Info: \pdf@primitive is available.
Package pdftexcmds Info: \pdf@ifprimitive is available.
Package pdftexcmds Info: \pdfdraftmode found.
)
Package epstopdf-base Info: Redefining graphics rule for `.eps' on input line 4
38.
Package grfext Info: Graphics extension search list:
(grfext)             [.pdf,.png,.jpg,.mps,.jpeg,.jbig2,.jb2,.PDF,.PNG,.JPG,.JPE
G,.JBIG2,.JB2,.eps]
(grfext)             \AppendGraphicsExtensions on input line 456.
))
(C:\Users\roser\AppData\Roaming\MiKTeX\2.9\tex\latex\booktabs\booktabs.sty
Package: booktabs 2005/04/14 v1.61803 publication quality tables
\heavyrulewidth=\dimen126
\lightrulewidth=\dimen127
\cmidrulewidth=\dimen128
\belowrulesep=\dimen129
\belowbottomsep=\dimen130
\aboverulesep=\dimen131
\abovetopsep=\dimen132
\cmidrulesep=\dimen133
\cmidrulekern=\dimen134
\defaultaddspace=\dimen135
\@cmidla=\count105
\@cmidlb=\count106
\@aboverulesep=\dimen136
\@belowrulesep=\dimen137
\@thisruleclass=\count107
\@lastruleclass=\count108
\@thisrulewidth=\dimen138
)
("C:\Program Files\MiKTeX 2.9\tex\latex\graphics\rotating.sty"
Package: rotating 2016/08/11 v2.16d rotated objects in LaTeX

("C:\Program Files\MiKTeX 2.9\tex\latex\base\ifthen.sty"
Package: ifthen 2014/09/29 v1.1c Standard LaTeX ifthen package (DPC)
)
\c@r@tfl@t=\count109
\rotFPtop=\skip58
\rotFPbot=\skip59
\rot@float@box=\box28
\rot@mess@toks=\toks27
)
(C:\Users\roser\AppData\Roaming\MiKTeX\2.9\tex\latex\listings\listings.sty
\lst@mode=\count110
\lst@gtempboxa=\box29
\lst@token=\toks28
\lst@length=\count111
\lst@currlwidth=\dimen139
\lst@column=\count112
\lst@pos=\count113
\lst@lostspace=\dimen140
\lst@width=\dimen141
\lst@newlines=\count114
\lst@lineno=\count115
\lst@maxwidth=\dimen142

(lstpatch.sty)
(C:\Users\roser\AppData\Roaming\MiKTeX\2.9\tex\latex\listings\lstmisc.sty
File: lstmisc.sty 2018/09/02 1.7 (Carsten Heinz)
\c@lstnumber=\count116
\lst@skipnumbers=\count117
\lst@framebox=\box30
)
(C:\Users\roser\AppData\Roaming\MiKTeX\2.9\tex\latex\listings\listings.cfg
File: listings.cfg 2018/09/02 1.7 listings configuration
))
Package: listings 2018/09/02 1.7 (Carsten Heinz)

(lstpatch.sty) ("C:\Program Files\MiKTeX 2.9\tex\latex\hyperref\hyperref.sty"
Package: hyperref 2018/09/30 v6.88a Hypertext links for LaTeX

("C:\Program Files\MiKTeX 2.9\tex\generic\oberdiek\hobsub-hyperref.sty"
Package: hobsub-hyperref 2016/05/16 v1.14 Bundle oberdiek, subset hyperref (HO)


("C:\Program Files\MiKTeX 2.9\tex\generic\oberdiek\hobsub-generic.sty"
Package: hobsub-generic 2016/05/16 v1.14 Bundle oberdiek, subset generic (HO)
Package: hobsub 2016/05/16 v1.14 Construct package bundles (HO)
Package hobsub Info: Skipping package `infwarerr' (already loaded).
Package hobsub Info: Skipping package `ltxcmds' (already loaded).
Package hobsub Info: Skipping package `ifluatex' (already loaded).
Package: ifvtex 2016/05/16 v1.6 Detect VTeX and its facilities (HO)
Package ifvtex Info: VTeX not detected.
Package: intcalc 2016/05/16 v1.2 Expandable calculations with integers (HO)
Package hobsub Info: Skipping package `ifpdf' (already loaded).
Package hobsub Info: Skipping package `etexcmds' (already loaded).
Package hobsub Info: Skipping package `kvsetkeys' (already loaded).
Package hobsub Info: Skipping package `kvdefinekeys' (already loaded).
Package hobsub Info: Skipping package `pdftexcmds' (already loaded).
Package: pdfescape 2016/05/16 v1.14 Implements pdfTeX's escape features (HO)
Package: bigintcalc 2016/05/16 v1.4 Expandable calculations on big integers (HO
)
Package: bitset 2016/05/16 v1.2 Handle bit-vector datatype (HO)
Package: uniquecounter 2016/05/16 v1.3 Provide unlimited unique counter (HO)
)
Package hobsub Info: Skipping package `hobsub' (already loaded).
Package: letltxmacro 2016/05/16 v1.5 Let assignment for LaTeX macros (HO)
Package: hopatch 2016/05/16 v1.3 Wrapper for package hooks (HO)
Package: xcolor-patch 2016/05/16 xcolor patch
Package: atveryend 2016/05/16 v1.9 Hooks at the very end of document (HO)
Package atveryend Info: \enddocument detected (standard20110627).
Package: atbegshi 2016/06/09 v1.18 At begin shipout hook (HO)
Package: refcount 2016/05/16 v3.5 Data extraction from label references (HO)
Package: hycolor 2016/05/16 v1.8 Color options for hyperref/bookmark (HO)
)
("C:\Program Files\MiKTeX 2.9\tex\generic\ifxetex\ifxetex.sty"
Package: ifxetex 2010/09/12 v0.6 Provides ifxetex conditional
)
("C:\Program Files\MiKTeX 2.9\tex\latex\oberdiek\auxhook.sty"
Package: auxhook 2016/05/16 v1.4 Hooks for auxiliary files (HO)
)
\@linkdim=\dimen143
\Hy@linkcounter=\count118
\Hy@pagecounter=\count119

("C:\Program Files\MiKTeX 2.9\tex\latex\hyperref\pd1enc.def"
File: pd1enc.def 2018/09/30 v6.88a Hyperref: PDFDocEncoding definition (HO)
Now handling font encoding PD1 ...
... no UTF-8 mapping file for font encoding PD1
)
\Hy@SavedSpaceFactor=\count120

("C:\Program Files\MiKTeX 2.9\tex\latex\00miktex\hyperref.cfg"
File: hyperref.cfg 2002/06/06 v1.2 hyperref configuration of TeXLive
)
Package hyperref Info: Option `bookmarks' set `true' on input line 4409.
Package hyperref Info: Option `bookmarksopen' set `true' on input line 4409.
Package hyperref Info: Option `bookmarksnumbered' set `true' on input line 4409
.
Package hyperref Info: Option `hypertexnames' set `false' on input line 4409.
Package hyperref Info: Option `colorlinks' set `true' on input line 4409.
Package hyperref Info: Option `unicode' set `true' on input line 4409.

("C:\Program Files\MiKTeX 2.9\tex\latex\hyperref\puenc.def"
File: puenc.def 2018/09/30 v6.88a Hyperref: PDF Unicode definition (HO)
Now handling font encoding PU ...
... no UTF-8 mapping file for font encoding PU
)
Package hyperref Info: Option `breaklinks' set `true' on input line 4409.
Package hyperref Info: Hyper figures OFF on input line 4535.
Package hyperref Info: Link nesting OFF on input line 4540.
Package hyperref Info: Hyper index ON on input line 4543.
Package hyperref Info: Plain pages OFF on input line 4550.
Package hyperref Info: Backreferencing OFF on input line 4555.
Package hyperref Info: Implicit mode ON; LaTeX internals redefined.
Package hyperref Info: Bookmarks ON on input line 4788.
\c@Hy@tempcnt=\count121

(C:\Users\roser\AppData\Roaming\MiKTeX\2.9\tex\latex\url\url.sty
\Urlmuskip=\muskip11
Package: url 2013/09/16  ver 3.4  Verb mode for urls, etc.
)
LaTeX Info: Redefining \url on input line 5141.
\XeTeXLinkMargin=\dimen144
\Fld@menulength=\count122
\Field@Width=\dimen145
\Fld@charsize=\dimen146
Package hyperref Info: Hyper figures OFF on input line 6396.
Package hyperref Info: Link nesting OFF on input line 6401.
Package hyperref Info: Hyper index ON on input line 6404.
Package hyperref Info: backreferencing OFF on input line 6411.
Package hyperref Info: Link coloring ON on input line 6414.
Package hyperref Info: Link coloring with OCG OFF on input line 6421.
Package hyperref Info: PDF/A mode OFF on input line 6426.
LaTeX Info: Redefining \ref on input line 6466.
LaTeX Info: Redefining \pageref on input line 6470.
\Hy@abspage=\count123
\c@Item=\count124
\c@Hfootnote=\count125
)
Package hyperref Info: Driver (autodetected): hpdftex.

("C:\Program Files\MiKTeX 2.9\tex\latex\hyperref\hpdftex.def"
File: hpdftex.def 2018/09/30 v6.88a Hyperref driver for pdfTeX
\Fld@listcount=\count126
\c@bookmark@seq@number=\count127

("C:\Program Files\MiKTeX 2.9\tex\latex\oberdiek\rerunfilecheck.sty"
Package: rerunfilecheck 2016/05/16 v1.8 Rerun checks for auxiliary files (HO)
Package uniquecounter Info: New unique counter `rerunfilecheck' on input line 2
82.
)
\Hy@SectionHShift=\skip60
)
\c@dummy=\count128

("C:\Program Files\MiKTeX 2.9\tex\latex\tools\longtable.sty"
Package: longtable 2014/10/28 v4.11 Multi-page Table package (DPC)
\LTleft=\skip61
\LTright=\skip62
\LTpre=\skip63
\LTpost=\skip64
\LTchunksize=\count129
\LTcapwidth=\dimen147
\LT@head=\box31
\LT@firsthead=\box32
\LT@foot=\box33
\LT@lastfoot=\box34
\LT@cols=\count130
\LT@rows=\count131
\c@LT@tables=\count132
\c@LT@chunks=\count133
\LT@p@ftn=\toks29
))
(Settings/Packages.tex ("C:\Program Files\MiKTeX 2.9\tex\latex\base\inputenc.st
y"
Package: inputenc 2018/04/06 v1.3b Input encoding file
\inpenc@prehook=\toks30
\inpenc@posthook=\toks31
) (C:\Users\roser\AppData\Roaming\MiKTeX\2.9\tex\latex\caption\subcaption.sty
Package: subcaption 2018/05/01 v1.1-162 Sub-captions (AR)
\c@subfigure=\count134
\c@subtable=\count135
) ("C:\Program Files\MiKTeX 2.9\tex\latex\base\fontenc.sty"
Package: fontenc 2017/04/05 v2.0i Standard LaTeX package

("C:\Program Files\MiKTeX 2.9\tex\latex\base\t1enc.def"
File: t1enc.def 2017/04/05 v2.0i Standard LaTeX file
LaTeX Font Info:    Redeclaring font encoding T1 on input line 48.
))
("C:\Program Files\MiKTeX 2.9\tex\latex\ae\ae.sty"
Package: ae 2001/02/12 1.3 Almost European Computer Modern

("C:\Program Files\MiKTeX 2.9\tex\latex\base\fontenc.sty"
Package: fontenc 2017/04/05 v2.0i Standard LaTeX package

("C:\Program Files\MiKTeX 2.9\tex\latex\base\t1enc.def"
File: t1enc.def 2017/04/05 v2.0i Standard LaTeX file
LaTeX Font Info:    Redeclaring font encoding T1 on input line 48.
)
LaTeX Font Info:    Try loading font information for T1+aer on input line 105.

("C:\Program Files\MiKTeX 2.9\tex\latex\ae\t1aer.fd"
File: t1aer.fd 1997/11/16 Font definitions for T1/aer.
)))
("C:\Program Files\MiKTeX 2.9\tex\latex\ae\aecompl.sty"
Package: aecompl 1998/07/23 0.9 T1 Complements for AE fonts (D. Roegel)
)
("C:\Program Files\MiKTeX 2.9\tex\latex\jknappen\mathrsfs.sty"
Package: mathrsfs 1996/01/01 Math RSFS package v1.0 (jk)
\symrsfs=\mathgroup6
)
(C:\Users\roser\AppData\Roaming\MiKTeX\2.9\tex\latex\mathtools\mathtools.sty
Package: mathtools 2018/01/08 v1.21 mathematical typesetting tools

("C:\Program Files\MiKTeX 2.9\tex\latex\tools\calc.sty"
Package: calc 2017/05/25 v4.3 Infix arithmetic (KKT,FJ)
\calc@Acount=\count136
\calc@Bcount=\count137
\calc@Adimen=\dimen148
\calc@Bdimen=\dimen149
\calc@Askip=\skip65
\calc@Bskip=\skip66
LaTeX Info: Redefining \setlength on input line 80.
LaTeX Info: Redefining \addtolength on input line 81.
\calc@Ccount=\count138
\calc@Cskip=\skip67
)
(C:\Users\roser\AppData\Roaming\MiKTeX\2.9\tex\latex\mathtools\mhsetup.sty
Package: mhsetup 2017/03/31 v1.3 programming setup (MH)
)
LaTeX Info: Thecontrolsequence`\('isalreadyrobust on input line 129.
LaTeX Info: Thecontrolsequence`\)'isalreadyrobust on input line 129.
LaTeX Info: Thecontrolsequence`\['isalreadyrobust on input line 129.
LaTeX Info: Thecontrolsequence`\]'isalreadyrobust on input line 129.
\g_MT_multlinerow_int=\count139
\l_MT_multwidth_dim=\dimen150
\origjot=\skip68
\l_MT_shortvdotswithinadjustabove_dim=\dimen151
\l_MT_shortvdotswithinadjustbelow_dim=\dimen152
\l_MT_above_intertext_sep=\dimen153
\l_MT_below_intertext_sep=\dimen154
\l_MT_above_shortintertext_sep=\dimen155
\l_MT_below_shortintertext_sep=\dimen156
)
(C:\Users\roser\AppData\Roaming\MiKTeX\2.9\tex\latex\sttools\stfloats.sty
Package: stfloats 2017/03/27 v3.3 Improve float mechanism and baselineskip sett
ings
\@dblbotnum=\count140
\c@dblbotnumber=\count141
)
("C:\Program Files\MiKTeX 2.9\tex\latex\base\fontenc.sty"
Package: fontenc 2017/04/05 v2.0i Standard LaTeX package

("C:\Program Files\MiKTeX 2.9\tex\latex\base\t1enc.def"
File: t1enc.def 2017/04/05 v2.0i Standard LaTeX file
LaTeX Font Info:    Redeclaring font encoding T1 on input line 48.
))
(C:\Users\roser\AppData\Roaming\MiKTeX\2.9\tex\latex\csquotes\csquotes.sty
Package: csquotes 2018/04/13 v5.2d context-sensitive quotations (JAW)

(C:\Users\roser\AppData\Roaming\MiKTeX\2.9\tex\latex\etoolbox\etoolbox.sty
Package: etoolbox 2018/08/19 v2.5f e-TeX tools for LaTeX (JAW)
\etb@tempcnta=\count142
)
\csq@reset=\count143
\csq@gtype=\count144
\csq@glevel=\count145
\csq@qlevel=\count146
\csq@maxlvl=\count147
\csq@tshold=\count148
\csq@ltx@everypar=\toks32

(C:\Users\roser\AppData\Roaming\MiKTeX\2.9\tex\latex\csquotes\csquotes.def
File: csquotes.def 2018/04/13 v5.2d csquotes generic definitions (JAW)
)
Package csquotes Info: Trying to load configuration file 'csquotes.cfg'...
Package csquotes Info: ... configuration file loaded successfully.

(C:\Users\roser\AppData\Roaming\MiKTeX\2.9\tex\latex\csquotes\csquotes.cfg
File: csquotes.cfg 
))
(dirtytalk.sty
Package: dirtytalk 2010/11/21 A package making "quoting" easier
\c@dirtytalk@qdepth=\count149
)
(C:\Users\roser\AppData\Roaming\MiKTeX\2.9\tex\latex\pdfpages\pdfpages.sty
Package: pdfpages 2017/10/31 v0.5l Insert pages of external PDF documents (AM)

(C:\Users\roser\AppData\Roaming\MiKTeX\2.9\tex\latex\eso-pic\eso-pic.sty
Package: eso-pic 2018/04/12 v2.0h eso-pic (RN)

(C:\Users\roser\AppData\Roaming\MiKTeX\2.9\tex\latex\xcolor\xcolor.sty
Package: xcolor 2016/05/11 v2.12 LaTeX color extensions (UK)

("C:\Program Files\MiKTeX 2.9\tex\latex\graphics-cfg\color.cfg"
File: color.cfg 2016/01/02 v1.6 sample color configuration
)
Package xcolor Info: Driver file: pdftex.def on input line 225.
Package xcolor Info: Model `cmy' substituted by `cmy0' on input line 1348.
Package xcolor Info: Model `hsb' substituted by `rgb' on input line 1352.
Package xcolor Info: Model `RGB' extended on input line 1364.
Package xcolor Info: Model `HTML' substituted by `rgb' on input line 1366.
Package xcolor Info: Model `Hsb' substituted by `hsb' on input line 1367.
Package xcolor Info: Model `tHsb' substituted by `hsb' on input line 1368.
Package xcolor Info: Model `HSB' substituted by `hsb' on input line 1369.
Package xcolor Info: Model `Gray' substituted by `gray' on input line 1370.
Package xcolor Info: Model `wave' substituted by `hsb' on input line 1371.
))
\AM@pagewidth=\dimen157
\AM@pageheight=\dimen158

(C:\Users\roser\AppData\Roaming\MiKTeX\2.9\tex\latex\pdfpages\pppdftex.def
File: pppdftex.def 2017/10/31 v0.5l Pdfpages driver for pdfTeX (AM)
)
\AM@pagebox=\box35
\AM@global@opts=\toks33
\AM@toc@title=\toks34
\c@AM@survey=\count150
\AM@templatesizebox=\box36
)
(C:\Users\roser\AppData\Roaming\MiKTeX\2.9\tex\latex\natbib\natbib.sty
Package: natbib 2010/09/13 8.31b (PWD, AO)
\bibhang=\skip69
\bibsep=\skip70
LaTeX Info: Redefining \cite on input line 694.
\c@NAT@ctr=\count151
)
("C:\Program Files\MiKTeX 2.9\tex\latex\tools\verbatim.sty"
Package: verbatim 2014/10/28 v1.5q LaTeX2e package for verbatim enhancements
\every@verbatim=\toks35
\verbatim@line=\toks36
\verbatim@in@stream=\read1
))
(Settings/Administrative.tex)
Package csquotes Info: Checking for multilingual support...
Package csquotes Info: ... none found.
 (Thesis.aux)
\openout1 = `Thesis.aux'.

LaTeX Font Info:    Checking defaults for OML/cmm/m/it on input line 39.
LaTeX Font Info:    ... okay on input line 39.
LaTeX Font Info:    Checking defaults for T1/cmr/m/n on input line 39.
LaTeX Font Info:    ... okay on input line 39.
LaTeX Font Info:    Checking defaults for OT1/cmr/m/n on input line 39.
LaTeX Font Info:    ... okay on input line 39.
LaTeX Font Info:    Checking defaults for OMS/cmsy/m/n on input line 39.
LaTeX Font Info:    ... okay on input line 39.
LaTeX Font Info:    Checking defaults for OMX/cmex/m/n on input line 39.
LaTeX Font Info:    ... okay on input line 39.
LaTeX Font Info:    Checking defaults for U/cmr/m/n on input line 39.
LaTeX Font Info:    ... okay on input line 39.
LaTeX Font Info:    Checking defaults for PD1/pdf/m/n on input line 39.
LaTeX Font Info:    ... okay on input line 39.
LaTeX Font Info:    Checking defaults for PU/pdf/m/n on input line 39.
LaTeX Font Info:    ... okay on input line 39.
Package caption Info: Begin \AtBeginDocument code.
Package caption Info: hyperref package is loaded.
Package caption Info: listings package is loaded.
Package caption Info: longtable package is loaded.

(C:\Users\roser\AppData\Roaming\MiKTeX\2.9\tex\latex\caption\ltcaption.sty
Package: ltcaption 2018/08/26 v1.4-95 longtable captions (AR)
)
Package caption Info: rotating package is loaded.
Package caption Info: End \AtBeginDocument code.

(C:\Users\roser\AppData\Roaming\MiKTeX\2.9\tex\context\base\supp-pdf.mkii
[Loading MPS to PDF converter (version 2006.09.02).]
\scratchcounter=\count152
\scratchdimen=\dimen159
\scratchbox=\box37
\nofMPsegments=\count153
\nofMParguments=\count154
\everyMPshowfont=\toks37
\MPscratchCnt=\count155
\MPscratchDim=\dimen160
\MPnumerator=\count156
\makeMPintoPDFobject=\count157
\everyMPtoPDFconversion=\toks38
)
\c@lstlisting=\count158
\AtBeginShipoutBox=\box38
Package hyperref Info: Link coloring ON on input line 39.
 ("C:\Program Files\MiKTeX 2.9\tex\latex\hyperref\nameref.sty"
Package: nameref 2016/05/21 v2.44 Cross-referencing by name of section

("C:\Program Files\MiKTeX 2.9\tex\generic\oberdiek\gettitlestring.sty"
Package: gettitlestring 2016/05/16 v1.5 Cleanup title references (HO)
)
\c@section@level=\count159
)
LaTeX Info: Redefining \ref on input line 39.
LaTeX Info: Redefining \pageref on input line 39.
LaTeX Info: Redefining \nameref on input line 39.

(Thesis.out) (Thesis.out)
\@outlinefile=\write3
\openout3 = `Thesis.out'.


("C:\Program Files\MiKTeX 2.9\tex\latex\oberdiek\pdflscape.sty"
Package: pdflscape 2016/05/14 v0.11 Display of landscape pages in PDF (HO)

("C:\Program Files\MiKTeX 2.9\tex\latex\graphics\lscape.sty"
Package: lscape 2000/10/22 v3.01 Landscape Pages (DPC)
)
Package pdflscape Info: Auto-detected driver: pdftex on input line 81.
)
(Frontpages/Fixed/Title.tex
LaTeX Font Info:    Try loading font information for U+msa on input line 24.

("C:\Program Files\MiKTeX 2.9\tex\latex\amsfonts\umsa.fd"
File: umsa.fd 2013/01/14 v3.01 AMS symbols A
)
LaTeX Font Info:    Try loading font information for U+msb on input line 24.

("C:\Program Files\MiKTeX 2.9\tex\latex\amsfonts\umsb.fd"
File: umsb.fd 2013/01/14 v3.01 AMS symbols B
)
LaTeX Font Info:    Try loading font information for U+rsfs on input line 24.

("C:\Program Files\MiKTeX 2.9\tex\latex\jknappen\ursfs.fd"
File: ursfs.fd 1998/03/24 rsfs font definition file (jk)
))
(Frontpages/Abstract.tex [1



{C:/Users/roser/AppData/Local/MiKTeX/2.9/pdftex/config/pdftex.map}] [2

]) (Frontpages/Copyright.tex [3]
LaTeX Font Info:    Try loading font information for OMS+aer on input line 14.

("C:\Program Files\MiKTeX 2.9\tex\latex\ae\omsaer.fd"
File: omsaer.fd 1999/12/27
)
LaTeX Font Info:    Font shape `OMS/aer/m/n' in size <14.4> not available
(Font)              Font shape `OMS/cmsy/m/n' tried instead on input line 14.
)
(Frontpages/Dedication.tex [4

]
------------------------------------------------------------------------------
 Dedicatory
------------------------------------------------------------------------------
[5

]) (Frontpages/Fixed/TableOfContents.tex
------------------------------------------------------------------------------
 TABLE OF CONTENTS
------------------------------------------------------------------------------
(Thesis.toc [6



] [7])
\tf@toc=\write4
\openout4 = `Thesis.toc'.

 [8]) (Frontpages/Fixed/ListOfFigures.tex
------------------------------------------------------------------------------
 List of Figures
------------------------------------------------------------------------------
(Thesis.lof [9


]
Overfull \hbox (1.41267pt too wide) in paragraph at lines 16--16
 [][] [][][]\T1/aer/m/n/12 Topological struc-ture of the dif-fer-ent snap-shots
 of the malaria co-authorship 
 []

[10]
Overfull \hbox (19.2076pt too wide) in paragraph at lines 31--31
 [][] [][][]\T1/aer/m/n/12 Topological struc-ture of the dif-fer-ent snap-shots
 of the HIV/AIDS co-authorship 
 []

[11] [12])
\tf@lof=\write5
\openout5 = `Thesis.lof'.

 [13]) (Frontpages/Fixed/ListOfTables.tex
------------------------------------------------------------------------------
 List of Tables
------------------------------------------------------------------------------
(Thesis.lot)
\tf@lot=\write6
\openout6 = `Thesis.lot'.

 [14



] [15]) (Frontpages/Abbreviations.tex
------------------------------------------------------------------------------
 List of Abbreviations
------------------------------------------------------------------------------
[16



] [17] [18]) (Frontpages/Acknowledgements.tex
------------------------------------------------------------------------------
 Acknowledgements
------------------------------------------------------------------------------
) [19


] (Chapters/Introduction.tex
Chapter 1.
------------------------------------------------------------------------------
 1 General Introduction
------------------------------------------------------------------------------
[1



] [2] [3] [4]
LaTeX Font Info:    Font shape `OMS/aer/m/n' in size <12> not available
(Font)              Font shape `OMS/cmsy/m/n' tried instead on input line 25.
 [5] [6]) (Chapters/Chapter1.tex [7]
Chapter 2.
------------------------------------------------------------------------------
 2 A review of the related literature on disease research and applications of n
etwork analysis
------------------------------------------------------------------------------

Overfull \hbox (56.52696pt too wide) in paragraph at lines 9--9
[]\T1/aer/bx/n/17.28 Brief Overview of Malaria, Tu-ber-cu-lo-sis and HIV/AIDS 
 []

[8

] [9] [10] [11] [12] [13] [14] [15] [16] [17] [18] [19] [20] [21])
(Chapters/Chapter2.tex [22]
Chapter 3.
------------------------------------------------------------------------------
 3 A review of past approaches to the analysis of bibliometric data and co-auth
orship networks
------------------------------------------------------------------------------
[23

]

Package Fancyhdr Warning: \headheight is too small (20.0pt): 
 Make it at least 27.11194pt.
 We now make it that large for the rest of the document.
 This may cause the page layout to be inconsistent, however.

[24]

Package Fancyhdr Warning: \headheight is too small (20.0pt): 
 Make it at least 27.11194pt.
 We now make it that large for the rest of the document.
 This may cause the page layout to be inconsistent, however.

[25]

Package Fancyhdr Warning: \headheight is too small (20.0pt): 
 Make it at least 27.11194pt.
 We now make it that large for the rest of the document.
 This may cause the page layout to be inconsistent, however.

[26]

Package Fancyhdr Warning: \headheight is too small (20.0pt): 
 Make it at least 27.11194pt.
 We now make it that large for the rest of the document.
 This may cause the page layout to be inconsistent, however.

[27]

Package Fancyhdr Warning: \headheight is too small (20.0pt): 
 Make it at least 27.11194pt.
 We now make it that large for the rest of the document.
 This may cause the page layout to be inconsistent, however.

[28]

Package Fancyhdr Warning: \headheight is too small (20.0pt): 
 Make it at least 27.11194pt.
 We now make it that large for the rest of the document.
 This may cause the page layout to be inconsistent, however.

[29]

Package Fancyhdr Warning: \headheight is too small (20.0pt): 
 Make it at least 27.11194pt.
 We now make it that large for the rest of the document.
 This may cause the page layout to be inconsistent, however.

[30]

Package Fancyhdr Warning: \headheight is too small (20.0pt): 
 Make it at least 27.11194pt.
 We now make it that large for the rest of the document.
 This may cause the page layout to be inconsistent, however.

[31]

Package Fancyhdr Warning: \headheight is too small (20.0pt): 
 Make it at least 27.11194pt.
 We now make it that large for the rest of the document.
 This may cause the page layout to be inconsistent, however.

[32]) (Chapters/Chapter3.tex

Package Fancyhdr Warning: \headheight is too small (20.0pt): 
 Make it at least 27.11194pt.
 We now make it that large for the rest of the document.
 This may cause the page layout to be inconsistent, however.

[33]
Chapter 4.
------------------------------------------------------------------------------
 4 Methodology
------------------------------------------------------------------------------
<Chapters/method_diagram.png, id=1103, 963.6pt x 542.025pt>
File: Chapters/method_diagram.png Graphic file (type png)
<use Chapters/method_diagram.png>
Package pdftex.def Info: Chapters/method_diagram.png  used on input line 16.
(pdftex.def)             Requested size: 655.23933pt x 368.57211pt.

Overfull \hbox (13.6276pt too wide) in paragraph at lines 16--18
 [][] 
 []

[34

] [35 <./Chapters/method_diagram.png>]
LaTeX Font Info:    Try loading font information for T1+aett on input line 32.

("C:\Program Files\MiKTeX 2.9\tex\latex\ae\t1aett.fd"
File: t1aett.fd 1997/11/16 Font definitions for T1/aett.
) [36] [37] [38] [39]
[40] [41] [42] [43]
Underfull \hbox (badness 10000) in paragraph at lines 158--161

 []

) (Chapters/Chapter4.tex [44]
Chapter 5.
------------------------------------------------------------------------------
 5 Results: The Malaria Co-authorship Network
------------------------------------------------------------------------------

Underfull \hbox (badness 10000) in paragraph at lines 17--21

 []

<Chapters/malaria/pubDist.jpeg, id=1183, 632.3625pt x 365.11406pt>
File: Chapters/malaria/pubDist.jpeg Graphic file (type jpg)
<use Chapters/malaria/pubDist.jpeg>
Package pdftex.def Info: Chapters/malaria/pubDist.jpeg  used on input line 46.
(pdftex.def)             Requested size: 411.03076pt x 237.32132pt.
[45

] [46 <./Chapters/malaria/pubDist.jpeg>]
<Chapters/malaria/degreeDistribution.pdf, id=1195, 505.89pt x 361.35pt>
File: Chapters/malaria/degreeDistribution.pdf Graphic file (type pdf)
<use Chapters/malaria/degreeDistribution.pdf>
Package pdftex.def Info: Chapters/malaria/degreeDistribution.pdf  used on input
 line 58.
(pdftex.def)             Requested size: 379.41655pt x 271.01184pt.
 [47] [48 <./Chapters/malaria/degreeDistribution.pdf>] [49]
<Chapters/malaria/mnet.png, id=1220, 1084.05pt x 1084.05pt>
File: Chapters/malaria/mnet.png Graphic file (type png)
<use Chapters/malaria/mnet.png>
Package pdftex.def Info: Chapters/malaria/mnet.png  used on input line 137.
(pdftex.def)             Requested size: 542.02368pt x 542.02368pt.

Overfull \hbox (62.57895pt too wide) in paragraph at lines 136--138
 []|  [] 
 []

[50]

LaTeX Warning: Text page 51 contains only floats.

[51 <./Chapters/malaria/mnet.png (PNG copy)>]
<Chapters/malaria/randomComm.pdf, id=1232, 505.89pt x 361.35pt>
File: Chapters/malaria/randomComm.pdf Graphic file (type pdf)
<use Chapters/malaria/randomComm.pdf>
Package pdftex.def Info: Chapters/malaria/randomComm.pdf  used on input line 14
8.
(pdftex.def)             Requested size: 379.41655pt x 271.01184pt.
<Chapters/malaria/mechanisticComm.pdf, id=1234, 505.89pt x 361.35pt>
File: Chapters/malaria/mechanisticComm.pdf Graphic file (type pdf)
<use Chapters/malaria/mechanisticComm.pdf>
Package pdftex.def Info: Chapters/malaria/mechanisticComm.pdf  used on input li
ne 157.
(pdftex.def)             Requested size: 379.41655pt x 271.01184pt.

Underfull \hbox (badness 10000) in paragraph at lines 162--166

 []

[52] [53 <./Chapters/malaria/randomComm.pdf>] [54 <./Chapters/malaria/mechanist
icComm.pdf>]
<Chapters/malaria/statMod/unnamed-chunk-1-1.pdf, id=1259, 505.89pt x 505.89pt>
File: Chapters/malaria/statMod/unnamed-chunk-1-1.pdf Graphic file (type pdf)
<use Chapters/malaria/statMod/unnamed-chunk-1-1.pdf>
Package pdftex.def Info: Chapters/malaria/statMod/unnamed-chunk-1-1.pdf  used o
n input line 175.
(pdftex.def)             Requested size: 379.41655pt x 379.41655pt.
 [55]
<Chapters/malaria/statMod/unnamed-chunk-2-1.pdf, id=1265, 505.89pt x 289.08pt>
File: Chapters/malaria/statMod/unnamed-chunk-2-1.pdf Graphic file (type pdf)
<use Chapters/malaria/statMod/unnamed-chunk-2-1.pdf>
Package pdftex.def Info: Chapters/malaria/statMod/unnamed-chunk-2-1.pdf  used o
n input line 187.
(pdftex.def)             Requested size: 379.41655pt x 216.80946pt.
 [56 <./Chapters/malaria/statMod/unnamed-chunk-1-1.pdf>]
<Chapters/malaria/statMod/unnamed-chunk-3-1.pdf, id=1280, 505.89pt x 289.08pt>
File: Chapters/malaria/statMod/unnamed-chunk-3-1.pdf Graphic file (type pdf)
<use Chapters/malaria/statMod/unnamed-chunk-3-1.pdf>
Package pdftex.def Info: Chapters/malaria/statMod/unnamed-chunk-3-1.pdf  used o
n input line 197.
(pdftex.def)             Requested size: 379.41655pt x 216.80946pt.

[57 <./Chapters/malaria/statMod/unnamed-chunk-2-1.pdf>] [58 <./Chapters/malaria
/statMod/unnamed-chunk-3-1.pdf>] [59]
Overfull \hbox (40.009pt too wide) in paragraph at lines 235--261
[]|  [] 
 []

[60]
<Chapters/malaria/statMod/ergm_gof.jpeg, id=1314, 526.96875pt x 602.25pt>
File: Chapters/malaria/statMod/ergm_gof.jpeg Graphic file (type jpg)
<use Chapters/malaria/statMod/ergm_gof.jpeg>
Package pdftex.def Info: Chapters/malaria/statMod/ergm_gof.jpeg  used on input 
line 271.
(pdftex.def)             Requested size: 342.52562pt x 391.45786pt.


LaTeX Warning: `!h' float specifier changed to `!ht'.

[61]
<Chapters/malaria/statMod/dynMNet2.png, id=1322, 1319.68031pt x 652.68843pt>
File: Chapters/malaria/statMod/dynMNet2.png Graphic file (type png)
<use Chapters/malaria/statMod/dynMNet2.png>
Package pdftex.def Info: Chapters/malaria/statMod/dynMNet2.png  used on input l
ine 286.
(pdftex.def)             Requested size: 527.86278pt x 261.07074pt.

Overfull \hbox (41.30486pt too wide) in paragraph at lines 285--287
[]  [] 
 []


Underfull \hbox (badness 10000) in paragraph at lines 291--294

 []

[62 <./Chapters/malaria/statMod/ergm_gof.jpeg>] [63 <./Chapters/malaria/statMod
/dynMNet2.png (PNG copy)>] [64]
Overfull \hbox (21.23691pt too wide) in paragraph at lines 299--330
|  [] 
 []

[65]
<Chapters/malaria/statMod/tergm_gof.png, id=1347, 623.32875pt x 443.40656pt>
File: Chapters/malaria/statMod/tergm_gof.png Graphic file (type png)
<use Chapters/malaria/statMod/tergm_gof.png>
Package pdftex.def Info: Chapters/malaria/statMod/tergm_gof.png  used on input 
line 342.
(pdftex.def)             Requested size: 560.99069pt x 399.06221pt.
 [66] [67 <./Chapters/malaria/statMod/tergm_gof.png (PNG copy)>]
<Chapters/malaria/statMod/lnm_mod1_null.png, id=1358, 689.57625pt x 549.05125pt
>
File: Chapters/malaria/statMod/lnm_mod1_null.png Graphic file (type png)
<use Chapters/malaria/statMod/lnm_mod1_null.png>
Package pdftex.def Info: Chapters/malaria/statMod/lnm_mod1_null.png  used on in
put line 359.
(pdftex.def)             Requested size: 164.195pt x 164.71664pt.
<Chapters/malaria/statMod/lnm_mod5_nodes.png, id=1359, 673.51625pt x 570.13pt>
File: Chapters/malaria/statMod/lnm_mod5_nodes.png Graphic file (type png)
<use Chapters/malaria/statMod/lnm_mod5_nodes.png>
Package pdftex.def Info: Chapters/malaria/statMod/lnm_mod5_nodes.png  used on i
nput line 361.
(pdftex.def)             Requested size: 159.37697pt x 171.04031pt.
<Chapters/malaria/statMod/lnm_mod6_all.png, id=1360, 629.35126pt x 566.115pt>
File: Chapters/malaria/statMod/lnm_mod6_all.png Graphic file (type png)
<use Chapters/malaria/statMod/lnm_mod6_all.png>
Package pdftex.def Info: Chapters/malaria/statMod/lnm_mod6_all.png  used on inp
ut line 363.
(pdftex.def)             Requested size: 188.80682pt x 169.8358pt.
 [68]
[69 <./Chapters/malaria/statMod/lnm_mod1_null.png (PNG copy)> <./Chapters/malar
ia/statMod/lnm_mod5_nodes.png (PNG copy)> <./Chapters/malaria/statMod/lnm_mod6_
all.png (PNG copy)>]
<Chapters/malaria/statMod/lnm_ROC.png, id=1370, 490.08093pt x 422.32782pt>
File: Chapters/malaria/statMod/lnm_ROC.png Graphic file (type png)
<use Chapters/malaria/statMod/lnm_ROC.png>
Package pdftex.def Info: Chapters/malaria/statMod/lnm_ROC.png  used on input li
ne 374.
(pdftex.def)             Requested size: 367.5598pt x 316.74509pt.
 [70 <./Chapters/malaria/statMod/lnm_ROC.png (PNG copy)>]
[71] [72] [73] [74] [75] [76]) (Chapters/Chapter5.tex [77]
Chapter 6.
------------------------------------------------------------------------------
 6 Results: The HIV/AIDS Co-authorship Network
------------------------------------------------------------------------------

Overfull \hbox (20.53969pt too wide) in paragraph at lines 25--39
 []|  [] 
 []


LaTeX Warning: `!h' float specifier changed to `!ht'.

[78

]
<Chapters/hiv/pubDist.jpeg, id=1448, 566.86781pt x 331.2375pt>
File: Chapters/hiv/pubDist.jpeg Graphic file (type jpg)
<use Chapters/hiv/pubDist.jpeg>
Package pdftex.def Info: Chapters/hiv/pubDist.jpeg  used on input line 45.
(pdftex.def)             Requested size: 368.4597pt x 215.30182pt.
 [79 <./Chapters/hiv/pubDist.jpeg>]
<Chapters/hiv/degreeDistribution.pdf, id=1456, 505.89pt x 361.35pt>
File: Chapters/hiv/degreeDistribution.pdf Graphic file (type pdf)
<use Chapters/hiv/degreeDistribution.pdf>
Package pdftex.def Info: Chapters/hiv/degreeDistribution.pdf  used on input lin
e 56.
(pdftex.def)             Requested size: 328.82458pt x 234.87471pt.
 [80 <./Chapters/hiv/degreeDistribution.pdf>]
<Chapters/hiv/logAvgDegree.pdf, id=1470, 505.89pt x 361.35pt>
File: Chapters/hiv/logAvgDegree.pdf Graphic file (type pdf)
<use Chapters/hiv/logAvgDegree.pdf>
Package pdftex.def Info: Chapters/hiv/logAvgDegree.pdf  used on input line 65.
(pdftex.def)             Requested size: 328.82458pt x 234.87471pt.


LaTeX Warning: `!h' float specifier changed to `!ht'.

[81 <./Chapters/hiv/logAvgDegree.pdf>] [82] [83]
<Chapters/hiv/hivaids_net.png, id=1494, 1084.05pt x 1084.05pt>
File: Chapters/hiv/hivaids_net.png Graphic file (type png)
<use Chapters/hiv/hivaids_net.png>
Package pdftex.def Info: Chapters/hiv/hivaids_net.png  used on input line 136.
(pdftex.def)             Requested size: 487.818pt x 487.818pt.
 [84 <./Chapters/hiv/hivaids_net.png (PNG copy)>]
<Chapters/hiv/randomComm.pdf, id=1501, 505.89pt x 361.35pt>
File: Chapters/hiv/randomComm.pdf Graphic file (type pdf)
<use Chapters/hiv/randomComm.pdf>
Package pdftex.def Info: Chapters/hiv/randomComm.pdf  used on input line 147.
(pdftex.def)             Requested size: 328.82458pt x 234.87471pt.
 [85 <./Chapters/hiv/randomComm.pdf>]
<Chapters/hiv/mechanisticComm.pdf, id=1512, 505.89pt x 361.35pt>
File: Chapters/hiv/mechanisticComm.pdf Graphic file (type pdf)
<use Chapters/hiv/mechanisticComm.pdf>
Package pdftex.def Info: Chapters/hiv/mechanisticComm.pdf  used on input line 1
58.
(pdftex.def)             Requested size: 328.82458pt x 234.87471pt.


LaTeX Warning: `!h' float specifier changed to `!ht'.


Underfull \hbox (badness 10000) in paragraph at lines 163--166

 []

[86] [87 <./Chapters/hiv/mechanisticComm.pdf>]
<Chapters/hiv/statMod/hiv_sbm.png, id=1527, 623.32875pt x 441.14813pt>
File: Chapters/hiv/statMod/hiv_sbm.png Graphic file (type png)
<use Chapters/hiv/statMod/hiv_sbm.png>
Package pdftex.def Info: Chapters/hiv/statMod/hiv_sbm.png  used on input line 1
77.
(pdftex.def)             Requested size: 529.83194pt x 374.97768pt.

Overfull \hbox (50.3872pt too wide) in paragraph at lines 176--178
 []|  [] 
 []


Underfull \hbox (badness 10000) in paragraph at lines 182--184

 []

[88 <./Chapters/hiv/statMod/hiv_sbm.png (PNG copy)>]
<Chapters/hiv/statMod/hiv_sbm_barplot.png, id=1534, 770.12718pt x 474.27188pt>
File: Chapters/hiv/statMod/hiv_sbm_barplot.png Graphic file (type png)
<use Chapters/hiv/statMod/hiv_sbm_barplot.png>
Package pdftex.def Info: Chapters/hiv/statMod/hiv_sbm_barplot.png  used on inpu
t line 187.
(pdftex.def)             Requested size: 385.06264pt x 237.13536pt.
 [89 <./Chapters/hiv/statMod/hiv_sbm_barplot.png (PNG copy)>]
<Chapters/hiv/statMod/hiv_sbm2.png, id=1540, 623.32875pt x 441.14813pt>
File: Chapters/hiv/statMod/hiv_sbm2.png Graphic file (type png)
<use Chapters/hiv/statMod/hiv_sbm2.png>
Package pdftex.def Info: Chapters/hiv/statMod/hiv_sbm2.png  used on input line 
196.
(pdftex.def)             Requested size: 405.15889pt x 286.74287pt.
 [90 <./Chapters/hiv/statMod/hiv_sbm2.png (PNG copy)>]
Overfull \hbox (21.86162pt too wide) in paragraph at lines 208--231
 |  [] 
 []

[91]
<Chapters/hiv/statMod/ergm_gof2.png, id=1554, 692.5875pt x 444.15938pt>
File: Chapters/hiv/statMod/ergm_gof2.png Graphic file (type png)
<use Chapters/hiv/statMod/ergm_gof2.png>
Package pdftex.def Info: Chapters/hiv/statMod/ergm_gof2.png  used on input line
 241.
(pdftex.def)             Requested size: 450.17653pt x 288.70016pt.
 [92] [93 <./Chapters/hiv/statMod/ergm_gof2.png>]
<Chapters/hiv/statMod/hiv_dynNetwork.png, id=1567, 1291.07344pt x 659.46375pt>
File: Chapters/hiv/statMod/hiv_dynNetwork.png Graphic file (type png)
<use Chapters/hiv/statMod/hiv_dynNetwork.png>
Package pdftex.def Info: Chapters/hiv/statMod/hiv_dynNetwork.png  used on input
 line 256.
(pdftex.def)             Requested size: 516.42024pt x 263.78082pt.

Overfull \hbox (29.86232pt too wide) in paragraph at lines 255--257
[]  [] 
 []

[94 <./Chapters/hiv/statMod/hiv_dynNetwork.png (PNG copy)>] [95]
Overfull \hbox (12.73679pt too wide) in paragraph at lines 272--300
 |  [] 
 []

<Chapters/hiv/statMod/tergm_gof.png, id=1579, 849.92531pt x 653.44125pt>
File: Chapters/hiv/statMod/tergm_gof.png Graphic file (type png)
<use Chapters/hiv/statMod/tergm_gof.png>
Package pdftex.def Info: Chapters/hiv/statMod/tergm_gof.png  used on input line
 306.
(pdftex.def)             Requested size: 552.4449pt x 424.73178pt.
[96] [97 <./Chapters/hiv/statMod/tergm_gof.png (PNG copy)>]
<Chapters/hiv/statMod/lnm_mod1.png, id=1592, 1178.4025pt x 1027.84pt>
File: Chapters/hiv/statMod/lnm_mod1.png Graphic file (type png)
<use Chapters/hiv/statMod/lnm_mod1.png>
Package pdftex.def Info: Chapters/hiv/statMod/lnm_mod1.png  used on input line 
322.
(pdftex.def)             Requested size: 207.22408pt x 205.56436pt.
<Chapters/hiv/statMod/lnm_mod4_allNodal.png, id=1593, 1177.39874pt x 999.735pt>

File: Chapters/hiv/statMod/lnm_mod4_allNodal.png Graphic file (type png)
<use Chapters/hiv/statMod/lnm_mod4_allNodal.png>
Package pdftex.def Info: Chapters/hiv/statMod/lnm_mod4_allNodal.png  used on in
put line 324.
(pdftex.def)             Requested size: 207.02332pt x 171.4912pt.
<Chapters/hiv/statMod/lnm_mod7_allAttributes.png, id=1594, 1038.88126pt x 1109.
14375pt>
File: Chapters/hiv/statMod/lnm_mod7_allAttributes.png Graphic file (type png)
<use Chapters/hiv/statMod/lnm_mod7_allAttributes.png>
Package pdftex.def Info: Chapters/hiv/statMod/lnm_mod7_allAttributes.png  used 
on input line 326.
(pdftex.def)             Requested size: 135.7778pt x 148.42451pt.
 [98]
<Chapters/hiv/statMod/lnm_ROC_nullVSallNodal.png, id=1599, 688.07062pt x 526.96
875pt>
File: Chapters/hiv/statMod/lnm_ROC_nullVSallNodal.png Graphic file (type png)
<use Chapters/hiv/statMod/lnm_ROC_nullVSallNodal.png>
Package pdftex.def Info: Chapters/hiv/statMod/lnm_ROC_nullVSallNodal.png  used 
on input line 335.
(pdftex.def)             Requested size: 344.03447pt x 263.48372pt.


LaTeX Warning: `!h' float specifier changed to `!ht'.


Underfull \hbox (badness 10000) in paragraph at lines 339--340

 []


Underfull \hbox (badness 10000) in paragraph at lines 339--340

 []

[99 <./Chapters/hiv/statMod/lnm_mod1.png (PNG copy)> <./Chapters/hiv/statMod/ln
m_mod4_allNodal.png (PNG copy)> <./Chapters/hiv/statMod/lnm_mod7_allAttributes.
png (PNG copy)>] [100 <./Chapters/hiv/statMod/lnm_ROC_nullVSallNodal.png (PNG c
opy)>])
Overfull \hbox (4.91292pt too wide) in paragraph at lines 344--100
\T1/aer/m/n/12 Based on the re-sults from our ERGM and TERGM mod-els, in the HI
V/AIDS co-authorship
 []

[101] [102] (Chapters/Chapter6.tex [103]
Chapter 7.
------------------------------------------------------------------------------
 7 Results: The Tuberculosis Co-authorship Network
------------------------------------------------------------------------------

Overfull \hbox (26.60506pt too wide) in paragraph at lines 27--39
 [][] 
 []


LaTeX Warning: `!h' float specifier changed to `!ht'.


Underfull \hbox (badness 10000) in paragraph at lines 41--42

 []

[104

]
<Chapters/tb/pubDist.jpeg, id=1634, 662.475pt x 359.09157pt>
File: Chapters/tb/pubDist.jpeg Graphic file (type jpg)
<use Chapters/tb/pubDist.jpeg>
Package pdftex.def Info: Chapters/tb/pubDist.jpeg  used on input line 45.
(pdftex.def)             Requested size: 397.48807pt x 215.45659pt.
 [105 <./Chapters/tb/pubDist.jpeg>]
<Chapters/tb/degreeDistribution.pdf, id=1641, 505.89pt x 361.35pt>
File: Chapters/tb/degreeDistribution.pdf Graphic file (type pdf)
<use Chapters/tb/degreeDistribution.pdf>
Package pdftex.def Info: Chapters/tb/degreeDistribution.pdf  used on input line
 56.
(pdftex.def)             Requested size: 328.82458pt x 234.87471pt.
<Chapters/tb/logAvgDegree.pdf, id=1642, 505.89pt x 361.35pt>
File: Chapters/tb/logAvgDegree.pdf Graphic file (type pdf)
<use Chapters/tb/logAvgDegree.pdf>
Package pdftex.def Info: Chapters/tb/logAvgDegree.pdf  used on input line 63.
(pdftex.def)             Requested size: 328.82458pt x 234.87471pt.


LaTeX Warning: `!h' float specifier changed to `!ht'.

[106 <./Chapters/tb/degreeDistribution.pdf>]

LaTeX Warning: `!h' float specifier changed to `!ht'.

[107 <./Chapters/tb/logAvgDegree.pdf>] [108]
<Chapters/tb/tbnet.png, id=1672, 1084.05pt x 1084.05pt>
File: Chapters/tb/tbnet.png Graphic file (type png)
<use Chapters/tb/tbnet.png>
Package pdftex.def Info: Chapters/tb/tbnet.png  used on input line 128.
(pdftex.def)             Requested size: 379.42319pt x 379.42319pt.
 [109 <./Chapters/tb/tbnet.png (PNG copy)>]
<Chapters/tb/randomComm.pdf, id=1681, 505.89pt x 361.35pt>
File: Chapters/tb/randomComm.pdf Graphic file (type pdf)
<use Chapters/tb/randomComm.pdf>
Package pdftex.def Info: Chapters/tb/randomComm.pdf  used on input line 143.
(pdftex.def)             Requested size: 328.82458pt x 234.87471pt.


LaTeX Warning: `!h' float specifier changed to `!ht'.

[110]
<Chapters/tb/mechanisticComm.pdf, id=1687, 505.89pt x 361.35pt>
File: Chapters/tb/mechanisticComm.pdf Graphic file (type pdf)
<use Chapters/tb/mechanisticComm.pdf>
Package pdftex.def Info: Chapters/tb/mechanisticComm.pdf  used on input line 15
2.
(pdftex.def)             Requested size: 328.82458pt x 234.87471pt.

Underfull \hbox (badness 10000) in paragraph at lines 157--162

 []

[111 <./Chapters/tb/randomComm.pdf> <./Chapters/tb/mechanisticComm.pdf>]
<Chapters/tb/statMod/tb_sbm.jpeg, id=1703, 487.06969pt x 444.15938pt>
File: Chapters/tb/statMod/tb_sbm.jpeg Graphic file (type jpg)
<use Chapters/tb/statMod/tb_sbm.jpeg>
Package pdftex.def Info: Chapters/tb/statMod/tb_sbm.jpeg  used on input line 17
4.
(pdftex.def)             Requested size: 414.01117pt x 377.53725pt.

[112]
Underfull \hbox (badness 10000) in paragraph at lines 179--180

 []

[113 <./Chapters/tb/statMod/tb_sbm.jpeg>]
<Chapters/tb/statMod/tb_barplot2.png, id=1714, 553.31718pt x 364.36125pt>
File: Chapters/tb/statMod/tb_barplot2.png Graphic file (type png)
<use Chapters/tb/statMod/tb_barplot2.png>
Package pdftex.def Info: Chapters/tb/statMod/tb_barplot2.png  used on input lin
e 183.
(pdftex.def)             Requested size: 442.65434pt x 291.48938pt.
 [114 <./Chapters/tb/statMod/tb_barplot2.png>]
Overfull \hbox (23.06914pt too wide) in paragraph at lines 203--226
 |  [] 
 []

[115]
<Chapters/tb/statMod/tb_ergm_gof2.png, id=1728, 1315.91624pt x 468.24937pt>
File: Chapters/tb/statMod/tb_ergm_gof2.png Graphic file (type png)
<use Chapters/tb/statMod/tb_ergm_gof2.png>
Package pdftex.def Info: Chapters/tb/statMod/tb_ergm_gof2.png  used on input li
ne 238.
(pdftex.def)             Requested size: 625.97029pt x 398.35678pt.
 [116] [117 <./Chapters/tb/statMod/tb_ergm_gof2.png>]
<Chapters/tb/statMod/tb_dynNetwork.png, id=1740, 1270.7475pt x 660.21657pt>
File: Chapters/tb/statMod/tb_dynNetwork.png Graphic file (type png)
<use Chapters/tb/statMod/tb_dynNetwork.png>
Package pdftex.def Info: Chapters/tb/statMod/tb_dynNetwork.png  used on input l
ine 254.
(pdftex.def)             Requested size: 508.29pt x 264.08194pt.

Overfull \hbox (21.73207pt too wide) in paragraph at lines 253--255
[]  [] 
 []

[118 <./Chapters/tb/statMod/tb_dynNetwork.png (PNG copy)>] [119]
Overfull \hbox (21.23691pt too wide) in paragraph at lines 269--297
 |  [] 
 []

<Chapters/tb/statMod/tb_tergm_gof.png, id=1751, 1259.4553pt x 715.92468pt>
File: Chapters/tb/statMod/tb_tergm_gof.png Graphic file (type png)
<use Chapters/tb/statMod/tb_tergm_gof.png>
Package pdftex.def Info: Chapters/tb/statMod/tb_tergm_gof.png  used on input li
ne 304.
(pdftex.def)             Requested size: 629.72612pt x 357.96146pt.
[120] [121 <./Chapters/tb/statMod/tb_tergm_gof.png (PNG copy)>]
<Chapters/tb/statMod/lnm_mod1.png, id=1763, 1002.74625pt x 1115.16624pt>
File: Chapters/tb/statMod/lnm_mod1.png Graphic file (type png)
<use Chapters/tb/statMod/lnm_mod1.png>
Package pdftex.def Info: Chapters/tb/statMod/lnm_mod1.png  used on input line 3
20.
(pdftex.def)             Requested size: 176.78748pt x 232.81808pt.
<Chapters/tb/statMod/lnm_mod5_AllNodal.png, id=1764, 782.925pt x 918.43124pt>
File: Chapters/tb/statMod/lnm_mod5_AllNodal.png Graphic file (type png)
<use Chapters/tb/statMod/lnm_mod5_AllNodal.png>
Package pdftex.def Info: Chapters/tb/statMod/lnm_mod5_AllNodal.png  used on inp
ut line 322.
(pdftex.def)             Requested size: 128.42665pt x 158.23811pt.
<Chapters/tb/statMod/lnm_mod7_All.png, id=1765, 821.0675pt x 924.45375pt>
File: Chapters/tb/statMod/lnm_mod7_All.png Graphic file (type png)
<use Chapters/tb/statMod/lnm_mod7_All.png>
Package pdftex.def Info: Chapters/tb/statMod/lnm_mod7_All.png  used on input li
ne 324.
(pdftex.def)             Requested size: 107.30609pt x 127.98297pt.


LaTeX Warning: `!h' float specifier changed to `!ht'.

<Chapters/tb/statMod/tb_lnm_ROC.png, id=1766, 767.86874pt x 526.21594pt>
File: Chapters/tb/statMod/tb_lnm_ROC.png Graphic file (type png)
<use Chapters/tb/statMod/tb_lnm_ROC.png>
Package pdftex.def Info: Chapters/tb/statMod/tb_lnm_ROC.png  used on input line
 333.
(pdftex.def)             Requested size: 383.93343pt x 263.10733pt.

LaTeX Warning: `!h' float specifier changed to `!ht'.


Underfull \hbox (badness 10000) in paragraph at lines 337--338

 []


Underfull \hbox (badness 10000) in paragraph at lines 337--338

 []

[122] [123 <./Chapters/tb/statMod/lnm_mod1.png (PNG copy)> <./Chapters/tb/statM
od/lnm_mod5_AllNodal.png (PNG copy)> <./Chapters/tb/statMod/lnm_mod7_All.png (P
NG copy)>] [124 <./Chapters/tb/statMod/tb_lnm_ROC.png (PNG copy)>] [125]
[126]) (Chapters/Chapter7.tex [127]
Chapter 8.
------------------------------------------------------------------------------
 8 AuthorVis: A Co-authorship Visualization and Scientific Collaboration Predic
tion tool
------------------------------------------------------------------------------
[128

] [129] [130]
<Chapters/authorvis/programmerView.png, id=1833, 963.6pt x 542.025pt>
File: Chapters/authorvis/programmerView.png Graphic file (type png)
<use Chapters/authorvis/programmerView.png>
Package pdftex.def Info: Chapters/authorvis/programmerView.png  used on input l
ine 42.
(pdftex.def)             Requested size: 645.56554pt x 291.18166pt.

Overfull \hbox (3.9538pt too wide) in paragraph at lines 42--44
 [][] 
 []

[131] [132 <./Chapters/authorvis/programmerView.png>]
<Chapters/authorvis/userView2.png, id=1850, 963.6pt x 542.025pt>
File: Chapters/authorvis/userView2.png Graphic file (type png)
<use Chapters/authorvis/userView2.png>
Package pdftex.def Info: Chapters/authorvis/userView2.png  used on input line 6
1.
(pdftex.def)             Requested size: 655.23933pt x 368.57211pt.

Overfull \hbox (13.6276pt too wide) in paragraph at lines 61--63
 [][] 
 []

<Chapters/authorvis/screen3.png, id=1851, 1927.2pt x 653.44125pt>
File: Chapters/authorvis/screen3.png Graphic file (type png)
<use Chapters/authorvis/screen3.png>
Package pdftex.def Info: Chapters/authorvis/screen3.png  used on input line 70.

(pdftex.def)             Requested size: 501.0602pt x 169.89072pt.

Overfull \hbox (47.45212pt too wide) in paragraph at lines 70--71
 [] 
 []

[133] [134 <./Chapters/authorvis/userView2.png>]
<Chapters/authorvis/mostCited.png, id=1864, 1001.7425pt x 935.495pt>
File: Chapters/authorvis/mostCited.png Graphic file (type png)
<use Chapters/authorvis/mostCited.png>
Package pdftex.def Info: Chapters/authorvis/mostCited.png  used on input line 8
3.
(pdftex.def)             Requested size: 500.87003pt x 467.74635pt.

Overfull \hbox (47.26195pt too wide) in paragraph at lines 83--84
 [] 
 []


Overfull \hbox (31.3086pt too wide) in paragraph at lines 98--99
\T1/aer/m/n/12 docker con-tainer is ac-ces-si-ble at [][]$\T1/aett/m/n/12 https
 : / / hub . docker . com / r / rosericazondekon / authorvis/$[][]\T1/aer/m/n/1
2 .
 []

) (Chapters/Conclusion.tex [135 <./Chapters/authorvis/screen3.png>] [136 <./Cha
pters/authorvis/mostCited.png>]
Chapter 9.
------------------------------------------------------------------------------
 9 General Conclusion
------------------------------------------------------------------------------
[137


] [138] [139]) [140]
------------------------------------------------------------------------------
 Bibliography
------------------------------------------------------------------------------
(Thesis.bbl [141


] [142] [143] [144] [145] [146] [147] [148] [149] [150]
[151] [152] [153] [154] [155] [156] [157] [158] [159] [160] [161] [162]
[163] [164] [165] [166] [167] [168]) (Appendices/AppendixA.tex [169]
<Files/ergm_brainNetwork.pdf, id=2049, 614.295pt x 794.97pt>
File: Files/ergm_brainNetwork.pdf Graphic file (type pdf)
<use Files/ergm_brainNetwork.pdf>
Package pdftex.def Info: Files/ergm_brainNetwork.pdf  used on input line 9.
(pdftex.def)             Requested size: 614.29349pt x 794.96806pt.
File: Files/ergm_brainNetwork.pdf Graphic file (type pdf)
<use Files/ergm_brainNetwork.pdf>
Package pdftex.def Info: Files/ergm_brainNetwork.pdf  used on input line 9.
(pdftex.def)             Requested size: 614.29349pt x 794.96806pt.
<Files/ergm_brainNetwork.pdf, id=2052, page=1, 614.295pt x 794.97pt>
File: Files/ergm_brainNetwork.pdf Graphic file (type pdf)
<use Files/ergm_brainNetwork.pdf, page 1>
Package pdftex.def Info: Files/ergm_brainNetwork.pdf , page1 used on input line
 9.
(pdftex.def)             Requested size: 614.29349pt x 794.96806pt.
File: Files/ergm_brainNetwork.pdf Graphic file (type pdf)
<use Files/ergm_brainNetwork.pdf, page 1>
Package pdftex.def Info: Files/ergm_brainNetwork.pdf , page1 used on input line
 9.
(pdftex.def)             Requested size: 598.43373pt x 774.44368pt.
 [170


]
File: Files/ergm_brainNetwork.pdf Graphic file (type pdf)
<use Files/ergm_brainNetwork.pdf, page 1>
Package pdftex.def Info: Files/ergm_brainNetwork.pdf , page1 used on input line
 9.
(pdftex.def)             Requested size: 598.43373pt x 774.44368pt.
File: Files/ergm_brainNetwork.pdf Graphic file (type pdf)
<use Files/ergm_brainNetwork.pdf, page 1>
Package pdftex.def Info: Files/ergm_brainNetwork.pdf , page1 used on input line
 9.
(pdftex.def)             Requested size: 598.43373pt x 774.44368pt.
File: Files/ergm_brainNetwork.pdf Graphic file (type pdf)
<use Files/ergm_brainNetwork.pdf, page 1>
Package pdftex.def Info: Files/ergm_brainNetwork.pdf , page1 used on input line
 9.
(pdftex.def)             Requested size: 598.43373pt x 774.44368pt.

[171 <./Files/ergm_brainNetwork.pdf>]
<Files/ergm_brainNetwork.pdf, id=2079, page=2, 614.295pt x 794.97pt>
File: Files/ergm_brainNetwork.pdf Graphic file (type pdf)
<use Files/ergm_brainNetwork.pdf, page 2>
Package pdftex.def Info: Files/ergm_brainNetwork.pdf , page2 used on input line
 9.
(pdftex.def)             Requested size: 598.43373pt x 774.44368pt.
File: Files/ergm_brainNetwork.pdf Graphic file (type pdf)
<use Files/ergm_brainNetwork.pdf, page 2>
Package pdftex.def Info: Files/ergm_brainNetwork.pdf , page2 used on input line
 9.
(pdftex.def)             Requested size: 598.43373pt x 774.44368pt.
File: Files/ergm_brainNetwork.pdf Graphic file (type pdf)
<use Files/ergm_brainNetwork.pdf, page 2>
Package pdftex.def Info: Files/ergm_brainNetwork.pdf , page2 used on input line
 9.
(pdftex.def)             Requested size: 598.43373pt x 774.44368pt.
 [172 <./Files/ergm_brainNetwork.pdf>]
<Files/ergm_brainNetwork.pdf, id=2085, page=3, 614.295pt x 794.97pt>
File: Files/ergm_brainNetwork.pdf Graphic file (type pdf)
<use Files/ergm_brainNetwork.pdf, page 3>
Package pdftex.def Info: Files/ergm_brainNetwork.pdf , page3 used on input line
 9.
(pdftex.def)             Requested size: 598.43373pt x 774.44368pt.
File: Files/ergm_brainNetwork.pdf Graphic file (type pdf)
<use Files/ergm_brainNetwork.pdf, page 3>
Package pdftex.def Info: Files/ergm_brainNetwork.pdf , page3 used on input line
 9.
(pdftex.def)             Requested size: 598.43373pt x 774.44368pt.
File: Files/ergm_brainNetwork.pdf Graphic file (type pdf)
<use Files/ergm_brainNetwork.pdf, page 3>
Package pdftex.def Info: Files/ergm_brainNetwork.pdf , page3 used on input line
 9.
(pdftex.def)             Requested size: 598.43373pt x 774.44368pt.

[173 <./Files/ergm_brainNetwork.pdf>]
<Files/ergm_brainNetwork.pdf, id=2091, page=4, 614.295pt x 794.97pt>
File: Files/ergm_brainNetwork.pdf Graphic file (type pdf)
<use Files/ergm_brainNetwork.pdf, page 4>
Package pdftex.def Info: Files/ergm_brainNetwork.pdf , page4 used on input line
 9.
(pdftex.def)             Requested size: 598.43373pt x 774.44368pt.
File: Files/ergm_brainNetwork.pdf Graphic file (type pdf)
<use Files/ergm_brainNetwork.pdf, page 4>
Package pdftex.def Info: Files/ergm_brainNetwork.pdf , page4 used on input line
 9.
(pdftex.def)             Requested size: 598.43373pt x 774.44368pt.
File: Files/ergm_brainNetwork.pdf Graphic file (type pdf)
<use Files/ergm_brainNetwork.pdf, page 4>
Package pdftex.def Info: Files/ergm_brainNetwork.pdf , page4 used on input line
 9.
(pdftex.def)             Requested size: 598.43373pt x 774.44368pt.
 [174 <./Files/ergm_brainNetwork.pdf>]
<Files/ergm_brainNetwork.pdf, id=2098, page=5, 614.295pt x 794.97pt>
File: Files/ergm_brainNetwork.pdf Graphic file (type pdf)
<use Files/ergm_brainNetwork.pdf, page 5>
Package pdftex.def Info: Files/ergm_brainNetwork.pdf , page5 used on input line
 9.
(pdftex.def)             Requested size: 598.43373pt x 774.44368pt.
File: Files/ergm_brainNetwork.pdf Graphic file (type pdf)
<use Files/ergm_brainNetwork.pdf, page 5>
Package pdftex.def Info: Files/ergm_brainNetwork.pdf , page5 used on input line
 9.
(pdftex.def)             Requested size: 598.43373pt x 774.44368pt.
File: Files/ergm_brainNetwork.pdf Graphic file (type pdf)
<use Files/ergm_brainNetwork.pdf, page 5>
Package pdftex.def Info: Files/ergm_brainNetwork.pdf , page5 used on input line
 9.
(pdftex.def)             Requested size: 598.43373pt x 774.44368pt.

[175 <./Files/ergm_brainNetwork.pdf>]
<Files/ergm_brainNetwork.pdf, id=2104, page=6, 614.295pt x 794.97pt>
File: Files/ergm_brainNetwork.pdf Graphic file (type pdf)
<use Files/ergm_brainNetwork.pdf, page 6>
Package pdftex.def Info: Files/ergm_brainNetwork.pdf , page6 used on input line
 9.
(pdftex.def)             Requested size: 598.43373pt x 774.44368pt.
File: Files/ergm_brainNetwork.pdf Graphic file (type pdf)
<use Files/ergm_brainNetwork.pdf, page 6>
Package pdftex.def Info: Files/ergm_brainNetwork.pdf , page6 used on input line
 9.
(pdftex.def)             Requested size: 598.43373pt x 774.44368pt.
File: Files/ergm_brainNetwork.pdf Graphic file (type pdf)
<use Files/ergm_brainNetwork.pdf, page 6>
Package pdftex.def Info: Files/ergm_brainNetwork.pdf , page6 used on input line
 9.
(pdftex.def)             Requested size: 598.43373pt x 774.44368pt.
 [176 <./Files/ergm_brainNetwork.pdf>]
<Files/ergm_brainNetwork.pdf, id=2121, page=7, 614.295pt x 794.97pt>
File: Files/ergm_brainNetwork.pdf Graphic file (type pdf)
<use Files/ergm_brainNetwork.pdf, page 7>
Package pdftex.def Info: Files/ergm_brainNetwork.pdf , page7 used on input line
 9.
(pdftex.def)             Requested size: 598.43373pt x 774.44368pt.
File: Files/ergm_brainNetwork.pdf Graphic file (type pdf)
<use Files/ergm_brainNetwork.pdf, page 7>
Package pdftex.def Info: Files/ergm_brainNetwork.pdf , page7 used on input line
 9.
(pdftex.def)             Requested size: 598.43373pt x 774.44368pt.
File: Files/ergm_brainNetwork.pdf Graphic file (type pdf)
<use Files/ergm_brainNetwork.pdf, page 7>
Package pdftex.def Info: Files/ergm_brainNetwork.pdf , page7 used on input line
 9.
(pdftex.def)             Requested size: 598.43373pt x 774.44368pt.

[177 <./Files/ergm_brainNetwork.pdf>]
<Files/ergm_brainNetwork.pdf, id=2127, page=8, 614.295pt x 794.97pt>
File: Files/ergm_brainNetwork.pdf Graphic file (type pdf)
<use Files/ergm_brainNetwork.pdf, page 8>
Package pdftex.def Info: Files/ergm_brainNetwork.pdf , page8 used on input line
 9.
(pdftex.def)             Requested size: 598.43373pt x 774.44368pt.
File: Files/ergm_brainNetwork.pdf Graphic file (type pdf)
<use Files/ergm_brainNetwork.pdf, page 8>
Package pdftex.def Info: Files/ergm_brainNetwork.pdf , page8 used on input line
 9.
(pdftex.def)             Requested size: 598.43373pt x 774.44368pt.
File: Files/ergm_brainNetwork.pdf Graphic file (type pdf)
<use Files/ergm_brainNetwork.pdf, page 8>
Package pdftex.def Info: Files/ergm_brainNetwork.pdf , page8 used on input line
 9.
(pdftex.def)             Requested size: 598.43373pt x 774.44368pt.
 [178 <./Files/ergm_brainNetwork.pdf>]
<Files/ergm_brainNetwork.pdf, id=2136, page=9, 614.295pt x 794.97pt>
File: Files/ergm_brainNetwork.pdf Graphic file (type pdf)
<use Files/ergm_brainNetwork.pdf, page 9>
Package pdftex.def Info: Files/ergm_brainNetwork.pdf , page9 used on input line
 9.
(pdftex.def)             Requested size: 598.43373pt x 774.44368pt.
File: Files/ergm_brainNetwork.pdf Graphic file (type pdf)
<use Files/ergm_brainNetwork.pdf, page 9>
Package pdftex.def Info: Files/ergm_brainNetwork.pdf , page9 used on input line
 9.
(pdftex.def)             Requested size: 598.43373pt x 774.44368pt.
File: Files/ergm_brainNetwork.pdf Graphic file (type pdf)
<use Files/ergm_brainNetwork.pdf, page 9>
Package pdftex.def Info: Files/ergm_brainNetwork.pdf , page9 used on input line
 9.
(pdftex.def)             Requested size: 598.43373pt x 774.44368pt.

[179 <./Files/ergm_brainNetwork.pdf>]
<Files/ergm_brainNetwork.pdf, id=2146, page=10, 614.295pt x 794.97pt>
File: Files/ergm_brainNetwork.pdf Graphic file (type pdf)
<use Files/ergm_brainNetwork.pdf, page 10>
Package pdftex.def Info: Files/ergm_brainNetwork.pdf , page10 used on input lin
e 9.
(pdftex.def)             Requested size: 598.43373pt x 774.44368pt.
File: Files/ergm_brainNetwork.pdf Graphic file (type pdf)
<use Files/ergm_brainNetwork.pdf, page 10>
Package pdftex.def Info: Files/ergm_brainNetwork.pdf , page10 used on input lin
e 9.
(pdftex.def)             Requested size: 598.43373pt x 774.44368pt.
File: Files/ergm_brainNetwork.pdf Graphic file (type pdf)
<use Files/ergm_brainNetwork.pdf, page 10>
Package pdftex.def Info: Files/ergm_brainNetwork.pdf , page10 used on input lin
e 9.
(pdftex.def)             Requested size: 598.43373pt x 774.44368pt.
 [180 <./Files/ergm_brainNetwork.pdf>]
<Files/ergm_brainNetwork.pdf, id=2153, page=11, 614.295pt x 794.97pt>
File: Files/ergm_brainNetwork.pdf Graphic file (type pdf)
<use Files/ergm_brainNetwork.pdf, page 11>
Package pdftex.def Info: Files/ergm_brainNetwork.pdf , page11 used on input lin
e 9.
(pdftex.def)             Requested size: 598.43373pt x 774.44368pt.
File: Files/ergm_brainNetwork.pdf Graphic file (type pdf)
<use Files/ergm_brainNetwork.pdf, page 11>
Package pdftex.def Info: Files/ergm_brainNetwork.pdf , page11 used on input lin
e 9.
(pdftex.def)             Requested size: 598.43373pt x 774.44368pt.
File: Files/ergm_brainNetwork.pdf Graphic file (type pdf)
<use Files/ergm_brainNetwork.pdf, page 11>
Package pdftex.def Info: Files/ergm_brainNetwork.pdf , page11 used on input lin
e 9.
(pdftex.def)             Requested size: 598.43373pt x 774.44368pt.

[181 <./Files/ergm_brainNetwork.pdf>]
<Files/ergm_brainNetwork.pdf, id=2159, page=12, 614.295pt x 794.97pt>
File: Files/ergm_brainNetwork.pdf Graphic file (type pdf)
<use Files/ergm_brainNetwork.pdf, page 12>
Package pdftex.def Info: Files/ergm_brainNetwork.pdf , page12 used on input lin
e 9.
(pdftex.def)             Requested size: 598.43373pt x 774.44368pt.
File: Files/ergm_brainNetwork.pdf Graphic file (type pdf)
<use Files/ergm_brainNetwork.pdf, page 12>
Package pdftex.def Info: Files/ergm_brainNetwork.pdf , page12 used on input lin
e 9.
(pdftex.def)             Requested size: 598.43373pt x 774.44368pt.
File: Files/ergm_brainNetwork.pdf Graphic file (type pdf)
<use Files/ergm_brainNetwork.pdf, page 12>
Package pdftex.def Info: Files/ergm_brainNetwork.pdf , page12 used on input lin
e 9.
(pdftex.def)             Requested size: 598.43373pt x 774.44368pt.
 [182 <./Files/ergm_brainNetwork.pdf>]
<Files/ergm_brainNetwork.pdf, id=2165, page=13, 614.295pt x 794.97pt>
File: Files/ergm_brainNetwork.pdf Graphic file (type pdf)
<use Files/ergm_brainNetwork.pdf, page 13>
Package pdftex.def Info: Files/ergm_brainNetwork.pdf , page13 used on input lin
e 9.
(pdftex.def)             Requested size: 598.43373pt x 774.44368pt.
File: Files/ergm_brainNetwork.pdf Graphic file (type pdf)
<use Files/ergm_brainNetwork.pdf, page 13>
Package pdftex.def Info: Files/ergm_brainNetwork.pdf , page13 used on input lin
e 9.
(pdftex.def)             Requested size: 598.43373pt x 774.44368pt.
File: Files/ergm_brainNetwork.pdf Graphic file (type pdf)
<use Files/ergm_brainNetwork.pdf, page 13>
Package pdftex.def Info: Files/ergm_brainNetwork.pdf , page13 used on input lin
e 9.
(pdftex.def)             Requested size: 598.43373pt x 774.44368pt.

[183 <./Files/ergm_brainNetwork.pdf>]
<Files/ergm_brainNetwork.pdf, id=2173, page=14, 614.295pt x 794.97pt>
File: Files/ergm_brainNetwork.pdf Graphic file (type pdf)
<use Files/ergm_brainNetwork.pdf, page 14>
Package pdftex.def Info: Files/ergm_brainNetwork.pdf , page14 used on input lin
e 9.
(pdftex.def)             Requested size: 598.43373pt x 774.44368pt.
File: Files/ergm_brainNetwork.pdf Graphic file (type pdf)
<use Files/ergm_brainNetwork.pdf, page 14>
Package pdftex.def Info: Files/ergm_brainNetwork.pdf , page14 used on input lin
e 9.
(pdftex.def)             Requested size: 598.43373pt x 774.44368pt.
File: Files/ergm_brainNetwork.pdf Graphic file (type pdf)
<use Files/ergm_brainNetwork.pdf, page 14>
Package pdftex.def Info: Files/ergm_brainNetwork.pdf , page14 used on input lin
e 9.
(pdftex.def)             Requested size: 598.43373pt x 774.44368pt.
 [184 <./Files/ergm_brainNetwork.pdf>]
<Files/ergm_brainNetwork.pdf, id=2179, page=15, 614.295pt x 794.97pt>
File: Files/ergm_brainNetwork.pdf Graphic file (type pdf)
<use Files/ergm_brainNetwork.pdf, page 15>
Package pdftex.def Info: Files/ergm_brainNetwork.pdf , page15 used on input lin
e 9.
(pdftex.def)             Requested size: 598.43373pt x 774.44368pt.
File: Files/ergm_brainNetwork.pdf Graphic file (type pdf)
<use Files/ergm_brainNetwork.pdf, page 15>
Package pdftex.def Info: Files/ergm_brainNetwork.pdf , page15 used on input lin
e 9.
(pdftex.def)             Requested size: 598.43373pt x 774.44368pt.
File: Files/ergm_brainNetwork.pdf Graphic file (type pdf)
<use Files/ergm_brainNetwork.pdf, page 15>
Package pdftex.def Info: Files/ergm_brainNetwork.pdf , page15 used on input lin
e 9.
(pdftex.def)             Requested size: 598.43373pt x 774.44368pt.

[185 <./Files/ergm_brainNetwork.pdf>]
<Files/ergm_brainNetwork.pdf, id=2185, page=16, 794.97pt x 614.295pt>
File: Files/ergm_brainNetwork.pdf Graphic file (type pdf)
<use Files/ergm_brainNetwork.pdf, page 16>
Package pdftex.def Info: Files/ergm_brainNetwork.pdf , page16 used on input lin
e 9.
(pdftex.def)             Requested size: 774.44368pt x 598.43373pt.
File: Files/ergm_brainNetwork.pdf Graphic file (type pdf)
<use Files/ergm_brainNetwork.pdf, page 16>
Package pdftex.def Info: Files/ergm_brainNetwork.pdf , page16 used on input lin
e 9.
(pdftex.def)             Requested size: 774.44368pt x 598.43373pt.
File: Files/ergm_brainNetwork.pdf Graphic file (type pdf)
<use Files/ergm_brainNetwork.pdf, page 16>
Package pdftex.def Info: Files/ergm_brainNetwork.pdf , page16 used on input lin
e 9.
(pdftex.def)             Requested size: 774.44368pt x 598.43373pt.
 [186 <./Files/ergm_brainNetwork.pdf>]
<Files/ergm_brainNetwork.pdf, id=2196, page=17, 614.295pt x 794.97pt>
File: Files/ergm_brainNetwork.pdf Graphic file (type pdf)
<use Files/ergm_brainNetwork.pdf, page 17>
Package pdftex.def Info: Files/ergm_brainNetwork.pdf , page17 used on input lin
e 9.
(pdftex.def)             Requested size: 598.43373pt x 774.44368pt.
File: Files/ergm_brainNetwork.pdf Graphic file (type pdf)
<use Files/ergm_brainNetwork.pdf, page 17>
Package pdftex.def Info: Files/ergm_brainNetwork.pdf , page17 used on input lin
e 9.
(pdftex.def)             Requested size: 598.43373pt x 774.44368pt.
File: Files/ergm_brainNetwork.pdf Graphic file (type pdf)
<use Files/ergm_brainNetwork.pdf, page 17>
Package pdftex.def Info: Files/ergm_brainNetwork.pdf , page17 used on input lin
e 9.
(pdftex.def)             Requested size: 598.43373pt x 774.44368pt.

[187 <./Files/ergm_brainNetwork.pdf>]
<Files/ergm_brainNetwork.pdf, id=2204, page=18, 794.97pt x 614.295pt>
File: Files/ergm_brainNetwork.pdf Graphic file (type pdf)
<use Files/ergm_brainNetwork.pdf, page 18>
Package pdftex.def Info: Files/ergm_brainNetwork.pdf , page18 used on input lin
e 9.
(pdftex.def)             Requested size: 774.44368pt x 598.43373pt.
File: Files/ergm_brainNetwork.pdf Graphic file (type pdf)
<use Files/ergm_brainNetwork.pdf, page 18>
Package pdftex.def Info: Files/ergm_brainNetwork.pdf , page18 used on input lin
e 9.
(pdftex.def)             Requested size: 774.44368pt x 598.43373pt.
File: Files/ergm_brainNetwork.pdf Graphic file (type pdf)
<use Files/ergm_brainNetwork.pdf, page 18>
Package pdftex.def Info: Files/ergm_brainNetwork.pdf , page18 used on input lin
e 9.
(pdftex.def)             Requested size: 774.44368pt x 598.43373pt.
 [188 <./Files/ergm_brainNetwork.pdf>]
<Files/ergm_brainNetwork.pdf, id=2212, page=19, 614.295pt x 794.97pt>
File: Files/ergm_brainNetwork.pdf Graphic file (type pdf)
<use Files/ergm_brainNetwork.pdf, page 19>
Package pdftex.def Info: Files/ergm_brainNetwork.pdf , page19 used on input lin
e 9.
(pdftex.def)             Requested size: 598.43373pt x 774.44368pt.
File: Files/ergm_brainNetwork.pdf Graphic file (type pdf)
<use Files/ergm_brainNetwork.pdf, page 19>
Package pdftex.def Info: Files/ergm_brainNetwork.pdf , page19 used on input lin
e 9.
(pdftex.def)             Requested size: 598.43373pt x 774.44368pt.
File: Files/ergm_brainNetwork.pdf Graphic file (type pdf)
<use Files/ergm_brainNetwork.pdf, page 19>
Package pdftex.def Info: Files/ergm_brainNetwork.pdf , page19 used on input lin
e 9.
(pdftex.def)             Requested size: 598.43373pt x 774.44368pt.

[189 <./Files/ergm_brainNetwork.pdf>]
<Files/ergm_brainNetwork.pdf, id=2218, page=20, 614.295pt x 794.97pt>
File: Files/ergm_brainNetwork.pdf Graphic file (type pdf)
<use Files/ergm_brainNetwork.pdf, page 20>
Package pdftex.def Info: Files/ergm_brainNetwork.pdf , page20 used on input lin
e 9.
(pdftex.def)             Requested size: 598.43373pt x 774.44368pt.
File: Files/ergm_brainNetwork.pdf Graphic file (type pdf)
<use Files/ergm_brainNetwork.pdf, page 20>
Package pdftex.def Info: Files/ergm_brainNetwork.pdf , page20 used on input lin
e 9.
(pdftex.def)             Requested size: 598.43373pt x 774.44368pt.
File: Files/ergm_brainNetwork.pdf Graphic file (type pdf)
<use Files/ergm_brainNetwork.pdf, page 20>
Package pdftex.def Info: Files/ergm_brainNetwork.pdf , page20 used on input lin
e 9.
(pdftex.def)             Requested size: 598.43373pt x 774.44368pt.
 [190 <./Files/ergm_brainNetwork.pdf>]
<Files/ergm_brainNetwork.pdf, id=2224, page=21, 614.295pt x 794.97pt>
File: Files/ergm_brainNetwork.pdf Graphic file (type pdf)
<use Files/ergm_brainNetwork.pdf, page 21>
Package pdftex.def Info: Files/ergm_brainNetwork.pdf , page21 used on input lin
e 9.
(pdftex.def)             Requested size: 598.43373pt x 774.44368pt.
File: Files/ergm_brainNetwork.pdf Graphic file (type pdf)
<use Files/ergm_brainNetwork.pdf, page 21>
Package pdftex.def Info: Files/ergm_brainNetwork.pdf , page21 used on input lin
e 9.
(pdftex.def)             Requested size: 598.43373pt x 774.44368pt.
File: Files/ergm_brainNetwork.pdf Graphic file (type pdf)
<use Files/ergm_brainNetwork.pdf, page 21>
Package pdftex.def Info: Files/ergm_brainNetwork.pdf , page21 used on input lin
e 9.
(pdftex.def)             Requested size: 598.43373pt x 774.44368pt.

[191 <./Files/ergm_brainNetwork.pdf>]
<Files/ergm_brainNetwork.pdf, id=2230, page=22, 614.295pt x 794.97pt>
File: Files/ergm_brainNetwork.pdf Graphic file (type pdf)
<use Files/ergm_brainNetwork.pdf, page 22>
Package pdftex.def Info: Files/ergm_brainNetwork.pdf , page22 used on input lin
e 9.
(pdftex.def)             Requested size: 598.43373pt x 774.44368pt.
File: Files/ergm_brainNetwork.pdf Graphic file (type pdf)
<use Files/ergm_brainNetwork.pdf, page 22>
Package pdftex.def Info: Files/ergm_brainNetwork.pdf , page22 used on input lin
e 9.
(pdftex.def)             Requested size: 598.43373pt x 774.44368pt.
File: Files/ergm_brainNetwork.pdf Graphic file (type pdf)
<use Files/ergm_brainNetwork.pdf, page 22>
Package pdftex.def Info: Files/ergm_brainNetwork.pdf , page22 used on input lin
e 9.
(pdftex.def)             Requested size: 598.43373pt x 774.44368pt.
 [192 <./Files/ergm_brainNetwork.pdf>])

pdfTeX warning: pdflatex (file ./Files/CV.pdf): PDF inclusion: found PDF versio
n <1.7>, but at most version <1.5> allowed
<Files/CV.pdf, id=2237, 614.295pt x 794.97pt>
File: Files/CV.pdf Graphic file (type pdf)
<use Files/CV.pdf>
Package pdftex.def Info: Files/CV.pdf  used on input line 139.
(pdftex.def)             Requested size: 614.29349pt x 794.96806pt.


pdfTeX warning: pdflatex (file ./Files/CV.pdf): PDF inclusion: found PDF versio
n <1.7>, but at most version <1.5> allowed
File: Files/CV.pdf Graphic file (type pdf)
<use Files/CV.pdf>
Package pdftex.def Info: Files/CV.pdf  used on input line 139.
(pdftex.def)             Requested size: 614.29349pt x 794.96806pt.


pdfTeX warning: pdflatex (file ./Files/CV.pdf): PDF inclusion: found PDF versio
n <1.7>, but at most version <1.5> allowed


pdfTeX warning: pdflatex (file ./Files/CV.pdf): PDF inclusion: found PDF versio
n <1.7>, but at most version <1.5> allowed
<Files/CV.pdf, id=2240, page=1, 614.295pt x 794.97pt>
File: Files/CV.pdf Graphic file (type pdf)
<use Files/CV.pdf, page 1>
Package pdftex.def Info: Files/CV.pdf , page1 used on input line 139.
(pdftex.def)             Requested size: 614.29349pt x 794.96806pt.
File: Files/CV.pdf Graphic file (type pdf)
<use Files/CV.pdf, page 1>
Package pdftex.def Info: Files/CV.pdf , page1 used on input line 139.
(pdftex.def)             Requested size: 598.43373pt x 774.44368pt.
File: Files/CV.pdf Graphic file (type pdf)
<use Files/CV.pdf, page 1>
Package pdftex.def Info: Files/CV.pdf , page1 used on input line 139.
(pdftex.def)             Requested size: 598.43373pt x 774.44368pt.
File: Files/CV.pdf Graphic file (type pdf)
<use Files/CV.pdf, page 1>
Package pdftex.def Info: Files/CV.pdf , page1 used on input line 139.
(pdftex.def)             Requested size: 598.43373pt x 774.44368pt.
File: Files/CV.pdf Graphic file (type pdf)
<use Files/CV.pdf, page 1>
Package pdftex.def Info: Files/CV.pdf , page1 used on input line 139.
(pdftex.def)             Requested size: 598.43373pt x 774.44368pt.
[193 <./Files/CV.pdf>]

pdfTeX warning: pdflatex (file ./Files/CV.pdf): PDF inclusion: found PDF versio
n <1.7>, but at most version <1.5> allowed
<Files/CV.pdf, id=2271, page=2, 614.295pt x 794.97pt>
File: Files/CV.pdf Graphic file (type pdf)
<use Files/CV.pdf, page 2>
Package pdftex.def Info: Files/CV.pdf , page2 used on input line 139.
(pdftex.def)             Requested size: 598.43373pt x 774.44368pt.
File: Files/CV.pdf Graphic file (type pdf)
<use Files/CV.pdf, page 2>
Package pdftex.def Info: Files/CV.pdf , page2 used on input line 139.
(pdftex.def)             Requested size: 598.43373pt x 774.44368pt.
File: Files/CV.pdf Graphic file (type pdf)
<use Files/CV.pdf, page 2>
Package pdftex.def Info: Files/CV.pdf , page2 used on input line 139.
(pdftex.def)             Requested size: 598.43373pt x 774.44368pt.
[194 <./Files/CV.pdf>]

pdfTeX warning: pdflatex (file ./Files/CV.pdf): PDF inclusion: found PDF versio
n <1.7>, but at most version <1.5> allowed
<Files/CV.pdf, id=2284, page=3, 614.295pt x 794.97pt>
File: Files/CV.pdf Graphic file (type pdf)
<use Files/CV.pdf, page 3>
Package pdftex.def Info: Files/CV.pdf , page3 used on input line 139.
(pdftex.def)             Requested size: 598.43373pt x 774.44368pt.
File: Files/CV.pdf Graphic file (type pdf)
<use Files/CV.pdf, page 3>
Package pdftex.def Info: Files/CV.pdf , page3 used on input line 139.
(pdftex.def)             Requested size: 598.43373pt x 774.44368pt.
File: Files/CV.pdf Graphic file (type pdf)
<use Files/CV.pdf, page 3>
Package pdftex.def Info: Files/CV.pdf , page3 used on input line 139.
(pdftex.def)             Requested size: 598.43373pt x 774.44368pt.
[195 <./Files/CV.pdf>]

pdfTeX warning: pdflatex (file ./Files/CV.pdf): PDF inclusion: found PDF versio
n <1.7>, but at most version <1.5> allowed
<Files/CV.pdf, id=2290, page=4, 614.295pt x 794.97pt>
File: Files/CV.pdf Graphic file (type pdf)
<use Files/CV.pdf, page 4>
Package pdftex.def Info: Files/CV.pdf , page4 used on input line 139.
(pdftex.def)             Requested size: 598.43373pt x 774.44368pt.
File: Files/CV.pdf Graphic file (type pdf)
<use Files/CV.pdf, page 4>
Package pdftex.def Info: Files/CV.pdf , page4 used on input line 139.
(pdftex.def)             Requested size: 598.43373pt x 774.44368pt.
File: Files/CV.pdf Graphic file (type pdf)
<use Files/CV.pdf, page 4>
Package pdftex.def Info: Files/CV.pdf , page4 used on input line 139.
(pdftex.def)             Requested size: 598.43373pt x 774.44368pt.
[196 <./Files/CV.pdf>]

pdfTeX warning: pdflatex (file ./Files/CV.pdf): PDF inclusion: found PDF versio
n <1.7>, but at most version <1.5> allowed
<Files/CV.pdf, id=2300, page=5, 614.295pt x 794.97pt>
File: Files/CV.pdf Graphic file (type pdf)
<use Files/CV.pdf, page 5>
Package pdftex.def Info: Files/CV.pdf , page5 used on input line 139.
(pdftex.def)             Requested size: 598.43373pt x 774.44368pt.
File: Files/CV.pdf Graphic file (type pdf)
<use Files/CV.pdf, page 5>
Package pdftex.def Info: Files/CV.pdf , page5 used on input line 139.
(pdftex.def)             Requested size: 598.43373pt x 774.44368pt.
File: Files/CV.pdf Graphic file (type pdf)
<use Files/CV.pdf, page 5>
Package pdftex.def Info: Files/CV.pdf , page5 used on input line 139.
(pdftex.def)             Requested size: 598.43373pt x 774.44368pt.
[197 <./Files/CV.pdf>]

pdfTeX warning: pdflatex (file ./Files/CV.pdf): PDF inclusion: found PDF versio
n <1.7>, but at most version <1.5> allowed
<Files/CV.pdf, id=2306, page=6, 614.295pt x 794.97pt>
File: Files/CV.pdf Graphic file (type pdf)
<use Files/CV.pdf, page 6>
Package pdftex.def Info: Files/CV.pdf , page6 used on input line 139.
(pdftex.def)             Requested size: 598.43373pt x 774.44368pt.
File: Files/CV.pdf Graphic file (type pdf)
<use Files/CV.pdf, page 6>
Package pdftex.def Info: Files/CV.pdf , page6 used on input line 139.
(pdftex.def)             Requested size: 598.43373pt x 774.44368pt.
File: Files/CV.pdf Graphic file (type pdf)
<use Files/CV.pdf, page 6>
Package pdftex.def Info: Files/CV.pdf , page6 used on input line 139.
(pdftex.def)             Requested size: 598.43373pt x 774.44368pt.
[198 <./Files/CV.pdf>]

pdfTeX warning: pdflatex (file ./Files/CV.pdf): PDF inclusion: found PDF versio
n <1.7>, but at most version <1.5> allowed
<Files/CV.pdf, id=2313, page=7, 614.295pt x 794.97pt>
File: Files/CV.pdf Graphic file (type pdf)
<use Files/CV.pdf, page 7>
Package pdftex.def Info: Files/CV.pdf , page7 used on input line 139.
(pdftex.def)             Requested size: 598.43373pt x 774.44368pt.
File: Files/CV.pdf Graphic file (type pdf)
<use Files/CV.pdf, page 7>
Package pdftex.def Info: Files/CV.pdf , page7 used on input line 139.
(pdftex.def)             Requested size: 598.43373pt x 774.44368pt.
File: Files/CV.pdf Graphic file (type pdf)
<use Files/CV.pdf, page 7>
Package pdftex.def Info: Files/CV.pdf , page7 used on input line 139.
(pdftex.def)             Requested size: 598.43373pt x 774.44368pt.
[199 <./Files/CV.pdf>]

pdfTeX warning: pdflatex (file ./Files/CV.pdf): PDF inclusion: found PDF versio
n <1.7>, but at most version <1.5> allowed
<Files/CV.pdf, id=2319, page=8, 614.295pt x 794.97pt>
File: Files/CV.pdf Graphic file (type pdf)
<use Files/CV.pdf, page 8>
Package pdftex.def Info: Files/CV.pdf , page8 used on input line 139.
(pdftex.def)             Requested size: 598.43373pt x 774.44368pt.
File: Files/CV.pdf Graphic file (type pdf)
<use Files/CV.pdf, page 8>
Package pdftex.def Info: Files/CV.pdf , page8 used on input line 139.
(pdftex.def)             Requested size: 598.43373pt x 774.44368pt.
File: Files/CV.pdf Graphic file (type pdf)
<use Files/CV.pdf, page 8>
Package pdftex.def Info: Files/CV.pdf , page8 used on input line 139.
(pdftex.def)             Requested size: 598.43373pt x 774.44368pt.
[200 <./Files/CV.pdf>]
Package atveryend Info: Empty hook `BeforeClearDocument' on input line 142.
Package atveryend Info: Empty hook `AfterLastShipout' on input line 142.
 (Thesis.aux)
Package atveryend Info: Executing hook `AtVeryEndDocument' on input line 142.
Package atveryend Info: Executing hook `AtEndAfterFileList' on input line 142.
Package rerunfilecheck Info: File `Thesis.out' has not changed.
(rerunfilecheck)             Checksum: 1C66C169A42E3CE9222C75F8ADB426AE;18658.
Package atveryend Info: Empty hook `AtVeryVeryEnd' on input line 142.
 ) 
Here is how much of TeX's memory you used:
 17206 strings out of 492970
 267918 string characters out of 3135855
 374954 words of memory out of 3000000
 20085 multiletter control sequences out of 15000+200000
 63009 words of font info for 142 fonts, out of 3000000 for 9000
 1141 hyphenation exceptions out of 8191
 49i,18n,46p,13114b,810s stack positions out of 5000i,500n,10000p,200000b,50000s
<C:/Program Files/MiKTeX 2.9/fonts/type1/public/amsfonts/cm/cmbx10.pfb><C:/Pr
ogram Files/MiKTeX 2.9/fonts/type1/public/amsfonts/cm/cmbx12.pfb><C:/Program Fi
les/MiKTeX 2.9/fonts/type1/public/amsfonts/cm/cmbx8.pfb><C:/Program Files/MiKTe
X 2.9/fonts/type1/public/amsfonts/cm/cmcsc10.pfb><C:/Program Files/MiKTeX 2.9/f
onts/type1/public/amsfonts/cm/cmex10.pfb><C:/Program Files/MiKTeX 2.9/fonts/typ
e1/public/amsfonts/cm/cmmi10.pfb><C:/Program Files/MiKTeX 2.9/fonts/type1/publi
c/amsfonts/cm/cmmi12.pfb><C:/Program Files/MiKTeX 2.9/fonts/type1/public/amsfon
ts/cm/cmmi6.pfb><C:/Program Files/MiKTeX 2.9/fonts/type1/public/amsfonts/cm/cmm
i8.pfb><C:/Program Files/MiKTeX 2.9/fonts/type1/public/amsfonts/cm/cmr10.pfb><C
:/Program Files/MiKTeX 2.9/fonts/type1/public/amsfonts/cm/cmr12.pfb><C:/Program
 Files/MiKTeX 2.9/fonts/type1/public/amsfonts/cm/cmr17.pfb><C:/Program Files/Mi
KTeX 2.9/fonts/type1/public/amsfonts/cm/cmr8.pfb><C:/Program Files/MiKTeX 2.9/f
onts/type1/public/amsfonts/cm/cmsl12.pfb><C:/Program Files/MiKTeX 2.9/fonts/typ
e1/public/amsfonts/cm/cmsy10.pfb><C:/Program Files/MiKTeX 2.9/fonts/type1/publi
c/amsfonts/cm/cmsy6.pfb><C:/Program Files/MiKTeX 2.9/fonts/type1/public/amsfont
s/cm/cmsy8.pfb><C:/Program Files/MiKTeX 2.9/fonts/type1/public/amsfonts/cm/cmti
12.pfb><C:/Program Files/MiKTeX 2.9/fonts/type1/public/amsfonts/cm/cmtt12.pfb><
C:/Program Files/MiKTeX 2.9/fonts/type1/public/amsfonts/symbols/msbm10.pfb><C:/
Program Files/MiKTeX 2.9/fonts/type1/public/rsfs/rsfs10.pfb>
Output written on Thesis.pdf (219 pages, 11365978 bytes).
PDF statistics:
 2512 PDF objects out of 2984 (max. 8388607)
 545 named destinations out of 1000 (max. 500000)
 1116 words of extra memory for PDF output out of 10000 (max. 10000000)

