\BOOKMARK [0][-]{dummy.1}{\376\377\000A\000b\000s\000t\000r\000a\000c\000t}{}% 1
\BOOKMARK [0][-]{dummy.2}{\376\377\000A\000c\000k\000n\000o\000w\000l\000e\000d\000g\000e\000m\000e\000n\000t\000s}{}% 2
\BOOKMARK [0][-]{dummy.4}{\376\377\000L\000i\000s\000t\000\040\000o\000f\000\040\000F\000i\000g\000u\000r\000e\000s}{}% 3
\BOOKMARK [0][-]{dummy.6}{\376\377\000L\000i\000s\000t\000\040\000o\000f\000\040\000T\000a\000b\000l\000e\000s}{}% 4
\BOOKMARK [0][-]{dummy.8}{\376\377\000A\000b\000b\000r\000e\000v\000i\000a\000t\000i\000o\000n\000s}{}% 5
\BOOKMARK [0][-]{chapter*.11}{\376\377\000G\000e\000n\000e\000r\000a\000l\000\040\000I\000n\000t\000r\000o\000d\000u\000c\000t\000i\000o\000n}{}% 6
\BOOKMARK [0][-]{chapter.12}{\376\377\0001\000\040\000L\000i\000t\000e\000r\000a\000t\000u\000r\000e\000\040\000R\000e\000v\000i\000e\000w}{}% 7
\BOOKMARK [1][-]{section.13}{\376\377\0001\000.\0001\000\040\000B\000r\000i\000e\000f\000\040\000O\000v\000e\000r\000v\000i\000e\000w\000\040\000o\000f\000\040\000M\000a\000l\000a\000r\000i\000a\000,\000\040\000T\000u\000b\000e\000r\000c\000u\000l\000o\000s\000i\000s\000\040\000a\000n\000d\000\040\000H\000I\000V\000/\000A\000I\000D\000S}{chapter.12}% 8
\BOOKMARK [1][-]{section.14}{\376\377\0001\000.\0002\000\040\000N\000e\000t\000w\000o\000r\000k\000\040\000A\000n\000a\000l\000y\000s\000i\000s\000\040\000o\000f\000\040\000S\000c\000i\000e\000n\000t\000i\000f\000i\000c\000\040\000R\000e\000s\000e\000a\000r\000c\000h\000\040\000c\000o\000l\000l\000a\000b\000o\000r\000a\000t\000i\000o\000n}{chapter.12}% 9
\BOOKMARK [1][-]{section.15}{\376\377\0001\000.\0003\000\040\000G\000e\000n\000e\000r\000a\000l\000\040\000a\000n\000d\000\040\000s\000p\000e\000c\000i\000f\000i\000c\000\040\000O\000b\000j\000e\000c\000t\000i\000v\000e\000s}{chapter.12}% 10
\BOOKMARK [1][-]{section.21}{\376\377\0001\000.\0004\000\040\000G\000a\000p\000\040\000i\000n\000\040\000t\000h\000e\000\040\000l\000i\000t\000e\000r\000a\000t\000u\000r\000e}{chapter.12}% 11
\BOOKMARK [0][-]{chapter.22}{\376\377\0002\000\040\000M\000e\000t\000h\000o\000d\000o\000l\000o\000g\000y}{}% 12
\BOOKMARK [1][-]{section.23}{\376\377\0002\000.\0001\000\040\000O\000v\000e\000r\000v\000i\000e\000w}{chapter.22}% 13
\BOOKMARK [1][-]{section.24}{\376\377\0002\000.\0002\000\040\000D\000a\000t\000a\000\040\000C\000o\000l\000l\000e\000c\000t\000i\000o\000n}{chapter.22}% 14
\BOOKMARK [2][-]{subsection.25}{\376\377\0002\000.\0002\000.\0001\000\040\000T\000e\000x\000t\000\040\000M\000i\000n\000i\000n\000g\000\040\000a\000n\000d\000\040\000N\000e\000t\000w\000o\000r\000k\000\040\000g\000e\000n\000e\000r\000a\000t\000i\000o\000n}{section.24}% 15
\BOOKMARK [2][-]{subsection.26}{\376\377\0002\000.\0002\000.\0002\000\040\000A\000u\000t\000h\000o\000r\000\040\000N\000a\000m\000e\000\040\000D\000i\000s\000a\000m\000b\000i\000g\000u\000a\000t\000i\000o\000n}{section.24}% 16
\BOOKMARK [1][-]{section.27}{\376\377\0002\000.\0003\000\040\000D\000e\000s\000c\000r\000i\000p\000t\000i\000v\000e\000\040\000D\000a\000t\000a\000\040\000A\000n\000a\000l\000y\000s\000i\000s}{chapter.22}% 17
\BOOKMARK [2][-]{subsection.31}{\376\377\0002\000.\0003\000.\0001\000\040\000C\000h\000a\000r\000a\000c\000t\000e\000r\000i\000z\000i\000n\000g\000\040\000N\000e\000t\000w\000o\000r\000k\000\040\000c\000o\000h\000e\000s\000i\000o\000n}{section.27}% 18
\BOOKMARK [1][-]{section.34}{\376\377\0002\000.\0004\000\040\000M\000o\000d\000e\000l\000i\000n\000g\000\040\000o\000f\000\040\000N\000e\000t\000w\000o\000r\000k\000\040\000D\000a\000t\000a}{chapter.22}% 19
\BOOKMARK [2][-]{subsection.36}{\376\377\0002\000.\0004\000.\0001\000\040\000M\000a\000t\000h\000e\000m\000a\000t\000i\000c\000a\000l\000\040\000M\000o\000d\000e\000l\000i\000n\000g}{section.34}% 20
\BOOKMARK [2][-]{subsection.37}{\376\377\0002\000.\0004\000.\0002\000\040\000S\000t\000a\000t\000i\000s\000t\000i\000c\000a\000l\000\040\000M\000o\000d\000e\000l\000i\000n\000g}{section.34}% 21
\BOOKMARK [3][-]{subsubsection.38}{\376\377\0002\000.\0004\000.\0002\000.\0001\000\040\000S\000t\000o\000c\000h\000a\000s\000t\000i\000c\000\040\000B\000l\000o\000c\000k\000\040\000M\000o\000d\000e\000l}{subsection.37}% 22
\BOOKMARK [3][-]{subsubsection.40}{\376\377\0002\000.\0004\000.\0002\000.\0002\000\040\000E\000x\000p\000o\000n\000e\000n\000t\000i\000a\000l\000\040\000R\000a\000n\000d\000o\000m\000\040\000G\000r\000a\000p\000h\000\040\000M\000o\000d\000e\000l}{subsection.37}% 23
\BOOKMARK [3][-]{subsubsection.42}{\376\377\0002\000.\0004\000.\0002\000.\0003\000\040\000T\000e\000m\000p\000o\000r\000a\000l\000\040\000E\000x\000p\000o\000n\000e\000n\000t\000i\000a\000l\000\040\000R\000a\000n\000d\000o\000m\000\040\000G\000r\000a\000p\000h\000\040\000M\000o\000d\000e\000l}{subsection.37}% 24
\BOOKMARK [3][-]{subsubsection.43}{\376\377\0002\000.\0004\000.\0002\000.\0004\000\040\000L\000a\000t\000e\000n\000t\000\040\000N\000e\000t\000w\000o\000r\000k\000\040\000M\000o\000d\000e\000l}{subsection.37}% 25
\BOOKMARK [0][-]{chapter.46}{\376\377\0003\000\040\000R\000e\000s\000u\000l\000t\000s\000:\000\040\000T\000h\000e\000\040\000M\000a\000l\000a\000r\000i\000a\000\040\000C\000o\000-\000a\000u\000t\000h\000o\000r\000s\000h\000i\000p\000\040\000N\000e\000t\000w\000o\000r\000k}{}% 26
\BOOKMARK [1][-]{section.47}{\376\377\0003\000.\0001\000\040\000D\000a\000t\000a}{chapter.46}% 27
\BOOKMARK [1][-]{section.49}{\376\377\0003\000.\0002\000\040\000D\000e\000s\000c\000r\000i\000p\000t\000i\000v\000e\000\040\000D\000a\000t\000a\000\040\000A\000n\000a\000l\000y\000s\000i\000s}{chapter.46}% 28
\BOOKMARK [2][-]{subsection.53}{\376\377\0003\000.\0002\000.\0001\000\040\000N\000e\000t\000w\000o\000r\000k\000\040\000C\000o\000h\000e\000s\000i\000o\000n}{section.49}% 29
\BOOKMARK [1][-]{section.55}{\376\377\0003\000.\0003\000\040\000M\000o\000d\000e\000l\000i\000n\000g}{chapter.46}% 30
\BOOKMARK [2][-]{subsection.56}{\376\377\0003\000.\0003\000.\0001\000\040\000M\000a\000t\000h\000e\000m\000a\000t\000i\000c\000a\000l\000\040\000M\000o\000d\000e\000l\000i\000n\000g}{section.55}% 31
\BOOKMARK [2][-]{subsection.59}{\376\377\0003\000.\0003\000.\0002\000\040\000S\000t\000a\000t\000i\000s\000t\000i\000c\000a\000l\000\040\000M\000o\000d\000e\000l\000i\000n\000g}{section.55}% 32
\BOOKMARK [3][-]{subsubsection.60}{\376\377\0003\000.\0003\000.\0002\000.\0001\000\040\000S\000t\000o\000c\000h\000a\000s\000t\000i\000c\000\040\000B\000l\000o\000c\000k\000\040\000M\000o\000d\000e\000l}{subsection.59}% 33
\BOOKMARK [3][-]{subsubsection.64}{\376\377\0003\000.\0003\000.\0002\000.\0002\000\040\000E\000x\000p\000o\000n\000e\000n\000t\000i\000a\000l\000\040\000R\000a\000n\000d\000o\000m\000\040\000G\000r\000a\000p\000h\000\040\000M\000o\000d\000e\000l}{subsection.59}% 34
\BOOKMARK [3][-]{subsubsection.67}{\376\377\0003\000.\0003\000.\0002\000.\0003\000\040\000T\000e\000m\000p\000o\000r\000a\000l\000\040\000E\000x\000p\000o\000n\000e\000n\000t\000i\000a\000l\000\040\000R\000a\000n\000d\000o\000m\000\040\000G\000r\000a\000p\000h\000\040\000M\000o\000d\000e\000l}{subsection.59}% 35
\BOOKMARK [3][-]{subsubsection.71}{\376\377\0003\000.\0003\000.\0002\000.\0004\000\040\000L\000a\000t\000e\000n\000t\000\040\000N\000e\000t\000w\000o\000r\000k\000\040\000M\000o\000d\000e\000l}{subsection.59}% 36
\BOOKMARK [1][-]{section.74}{\376\377\0003\000.\0004\000\040\000D\000i\000s\000c\000u\000s\000s\000i\000o\000n\000\040\000a\000n\000d\000\040\000C\000o\000n\000c\000l\000u\000s\000i\000o\000n}{chapter.46}% 37
\BOOKMARK [0][-]{chapter.75}{\376\377\0004\000\040\000R\000e\000s\000u\000l\000t\000s\000:\000\040\000T\000h\000e\000\040\000H\000I\000V\000/\000A\000I\000D\000S\000\040\000C\000o\000-\000a\000u\000t\000h\000o\000r\000s\000h\000i\000p\000\040\000N\000e\000t\000w\000o\000r\000k}{}% 38
\BOOKMARK [1][-]{section.76}{\376\377\0004\000.\0001\000\040\000D\000a\000t\000a}{chapter.75}% 39
\BOOKMARK [1][-]{section.79}{\376\377\0004\000.\0002\000\040\000D\000e\000s\000c\000r\000i\000p\000t\000i\000v\000e\000\040\000D\000a\000t\000a\000\040\000A\000n\000a\000l\000y\000s\000i\000s}{chapter.75}% 40
\BOOKMARK [2][-]{subsection.83}{\376\377\0004\000.\0002\000.\0001\000\040\000N\000e\000t\000w\000o\000r\000k\000\040\000C\000o\000h\000e\000s\000i\000o\000n}{section.79}% 41
\BOOKMARK [1][-]{section.85}{\376\377\0004\000.\0003\000\040\000M\000o\000d\000e\000l\000i\000n\000g}{chapter.75}% 42
\BOOKMARK [2][-]{subsection.86}{\376\377\0004\000.\0003\000.\0001\000\040\000M\000a\000t\000h\000e\000m\000a\000t\000i\000c\000a\000l\000\040\000M\000o\000d\000e\000l\000i\000n\000g}{section.85}% 43
\BOOKMARK [2][-]{subsection.89}{\376\377\0004\000.\0003\000.\0002\000\040\000S\000t\000a\000t\000i\000s\000t\000i\000c\000a\000l\000\040\000M\000o\000d\000e\000l\000i\000n\000g}{section.85}% 44
\BOOKMARK [3][-]{subsubsection.90}{\376\377\0004\000.\0003\000.\0002\000.\0001\000\040\000S\000t\000o\000c\000h\000a\000s\000t\000i\000c\000\040\000B\000l\000o\000c\000k\000\040\000M\000o\000d\000e\000l}{subsection.89}% 45
\BOOKMARK [3][-]{subsubsection.94}{\376\377\0004\000.\0003\000.\0002\000.\0002\000\040\000E\000x\000p\000o\000n\000e\000n\000t\000i\000a\000l\000\040\000R\000a\000n\000d\000o\000m\000\040\000G\000r\000a\000p\000h\000\040\000M\000o\000d\000e\000l}{subsection.89}% 46
\BOOKMARK [3][-]{subsubsection.97}{\376\377\0004\000.\0003\000.\0002\000.\0003\000\040\000T\000e\000m\000p\000o\000r\000a\000l\000\040\000E\000x\000p\000o\000n\000e\000n\000t\000i\000a\000l\000\040\000R\000a\000n\000d\000o\000m\000\040\000G\000r\000a\000p\000h\000\040\000M\000o\000d\000e\000l}{subsection.89}% 47
\BOOKMARK [3][-]{subsubsection.101}{\376\377\0004\000.\0003\000.\0002\000.\0004\000\040\000L\000a\000t\000e\000n\000t\000\040\000N\000e\000t\000w\000o\000r\000k\000\040\000M\000o\000d\000e\000l}{subsection.89}% 48
\BOOKMARK [1][-]{section.104}{\376\377\0004\000.\0004\000\040\000D\000i\000s\000c\000u\000s\000s\000i\000o\000n\000\040\000a\000n\000d\000\040\000C\000o\000n\000c\000l\000u\000s\000i\000o\000n}{chapter.75}% 49
\BOOKMARK [0][-]{chapter.105}{\376\377\0005\000\040\000R\000e\000s\000u\000l\000t\000s\000:\000\040\000T\000h\000e\000\040\000T\000u\000b\000e\000r\000c\000u\000l\000o\000s\000i\000s\000\040\000C\000o\000-\000a\000u\000t\000h\000o\000r\000s\000h\000i\000p\000\040\000N\000e\000t\000w\000o\000r\000k}{}% 50
\BOOKMARK [1][-]{section.106}{\376\377\0005\000.\0001\000\040\000D\000a\000t\000a}{chapter.105}% 51
\BOOKMARK [1][-]{section.109}{\376\377\0005\000.\0002\000\040\000D\000e\000s\000c\000r\000i\000p\000t\000i\000v\000e\000\040\000D\000a\000t\000a\000\040\000A\000n\000a\000l\000y\000s\000i\000s}{chapter.105}% 52
\BOOKMARK [2][-]{subsection.113}{\376\377\0005\000.\0002\000.\0001\000\040\000N\000e\000t\000w\000o\000r\000k\000\040\000C\000o\000h\000e\000s\000i\000o\000n}{section.109}% 53
\BOOKMARK [1][-]{section.115}{\376\377\0005\000.\0003\000\040\000M\000o\000d\000e\000l\000i\000n\000g}{chapter.105}% 54
\BOOKMARK [2][-]{subsection.116}{\376\377\0005\000.\0003\000.\0001\000\040\000M\000a\000t\000h\000e\000m\000a\000t\000i\000c\000a\000l\000\040\000M\000o\000d\000e\000l\000i\000n\000g}{section.115}% 55
\BOOKMARK [2][-]{subsection.119}{\376\377\0005\000.\0003\000.\0002\000\040\000S\000t\000a\000t\000i\000s\000t\000i\000c\000a\000l\000\040\000M\000o\000d\000e\000l\000i\000n\000g}{section.115}% 56
\BOOKMARK [3][-]{subsubsection.120}{\376\377\0005\000.\0003\000.\0002\000.\0001\000\040\000S\000t\000o\000c\000h\000a\000s\000t\000i\000c\000\040\000B\000l\000o\000c\000k\000\040\000M\000o\000d\000e\000l}{subsection.119}% 57
\BOOKMARK [3][-]{subsubsection.123}{\376\377\0005\000.\0003\000.\0002\000.\0002\000\040\000E\000x\000p\000o\000n\000e\000n\000t\000i\000a\000l\000\040\000R\000a\000n\000d\000o\000m\000\040\000G\000r\000a\000p\000h\000\040\000M\000o\000d\000e\000l}{subsection.119}% 58
\BOOKMARK [3][-]{subsubsection.126}{\376\377\0005\000.\0003\000.\0002\000.\0003\000\040\000T\000e\000m\000p\000o\000r\000a\000l\000\040\000E\000x\000p\000o\000n\000e\000n\000t\000i\000a\000l\000\040\000R\000a\000n\000d\000o\000m\000\040\000G\000r\000a\000p\000h\000\040\000M\000o\000d\000e\000l}{subsection.119}% 59
\BOOKMARK [3][-]{subsubsection.130}{\376\377\0005\000.\0003\000.\0002\000.\0004\000\040\000L\000a\000t\000e\000n\000t\000\040\000N\000e\000t\000w\000o\000r\000k\000\040\000M\000o\000d\000e\000l}{subsection.119}% 60
\BOOKMARK [1][-]{section.133}{\376\377\0005\000.\0004\000\040\000D\000i\000s\000c\000u\000s\000s\000i\000o\000n\000\040\000a\000n\000d\000\040\000C\000o\000n\000c\000l\000u\000s\000i\000o\000n}{chapter.105}% 61
\BOOKMARK [0][-]{chapter.134}{\376\377\0006\000\040\000A\000u\000t\000h\000o\000r\000V\000i\000s\000:\000\040\000A\000\040\000C\000o\000-\000a\000u\000t\000h\000o\000r\000s\000h\000i\000p\000\040\000V\000i\000s\000u\000a\000l\000i\000z\000a\000t\000i\000o\000n\000\040\000a\000n\000d\000\040\000S\000c\000i\000e\000n\000t\000i\000f\000i\000c\000\040\000C\000o\000l\000l\000a\000b\000o\000r\000a\000t\000i\000o\000n\000\040\000P\000r\000e\000d\000i\000c\000t\000i\000o\000n\000\040\000t\000o\000o\000l}{}% 62
\BOOKMARK [1][-]{section.135}{\376\377\0006\000.\0001\000\040\000B\000a\000c\000k\000g\000r\000o\000u\000n\000d}{chapter.134}% 63
\BOOKMARK [1][-]{section.136}{\376\377\0006\000.\0002\000\040\000R\000e\000l\000a\000t\000e\000d\000\040\000w\000o\000r\000k}{chapter.134}% 64
\BOOKMARK [1][-]{section.137}{\376\377\0006\000.\0003\000\040\000D\000e\000s\000i\000g\000n\000\040\000a\000n\000d\000\040\000A\000r\000c\000h\000i\000t\000e\000c\000t\000u\000r\000e}{chapter.134}% 65
\BOOKMARK [2][-]{subsection.139}{\376\377\0006\000.\0003\000.\0001\000\040\000D\000a\000t\000a}{section.137}% 66
\BOOKMARK [2][-]{subsection.140}{\376\377\0006\000.\0003\000.\0002\000\040\000N\000e\000t\000w\000o\000r\000k\000\040\000V\000i\000s\000u\000a\000l\000i\000z\000a\000t\000i\000o\000n}{section.137}% 67
\BOOKMARK [2][-]{subsection.142}{\376\377\0006\000.\0003\000.\0003\000\040\000W\000e\000b\000\040\000F\000r\000a\000m\000e\000w\000o\000r\000k}{section.137}% 68
\BOOKMARK [1][-]{section.143}{\376\377\0006\000.\0004\000\040\000D\000e\000p\000l\000o\000y\000m\000e\000n\000t}{chapter.134}% 69
\BOOKMARK [0][-]{chapter*.144}{\376\377\000G\000e\000n\000e\000r\000a\000l\000\040\000C\000o\000n\000c\000l\000u\000s\000i\000o\000n}{}% 70
\BOOKMARK [0][-]{dummy.146}{\376\377\000B\000i\000b\000l\000i\000o\000g\000r\000a\000p\000h\000y}{}% 71
